{"total": {"lines":{"total":1895,"covered":1598,"skipped":0,"pct":84.32},"statements":{"total":1963,"covered":1649,"skipped":0,"pct":84},"functions":{"total":269,"covered":236,"skipped":0,"pct":87.73},"branches":{"total":1625,"covered":1169,"skipped":0,"pct":71.93},"branchesTrue":{"total":0,"covered":0,"skipped":0,"pct":"Unknown"}}
,"/Users/mac/Documents/DripsMaitainer/SoroTask/keeper/src/concurrency.js": {"lines":{"total":63,"covered":59,"skipped":0,"pct":93.65},"functions":{"total":9,"covered":7,"skipped":0,"pct":77.77},"statements":{"total":64,"covered":59,"skipped":0,"pct":92.18},"branches":{"total":33,"covered":29,"skipped":0,"pct":87.87}}
,"/Users/mac/Documents/DripsMaitainer/SoroTask/keeper/src/fraudDetection.js": {"lines":{"total":263,"covered":232,"skipped":0,"pct":88.21},"functions":{"total":45,"covered":37,"skipped":0,"pct":82.22},"statements":{"total":277,"covered":244,"skipped":0,"pct":88.08},"branches":{"total":237,"covered":177,"skipped":0,"pct":74.68}}
,"/Users/mac/Documents/DripsMaitainer/SoroTask/keeper/src/logger.js": {"lines":{"total":67,"covered":57,"skipped":0,"pct":85.07},"functions":{"total":29,"covered":28,"skipped":0,"pct":96.55},"statements":{"total":67,"covered":57,"skipped":0,"pct":85.07},"branches":{"total":57,"covered":30,"skipped":0,"pct":52.63}}
,"/Users/mac/Documents/DripsMaitainer/SoroTask/keeper/src/poller.js": {"lines":{"total":381,"covered":312,"skipped":0,"pct":81.88},"functions":{"total":33,"covered":29,"skipped":0,"pct":87.87},"statements":{"total":383,"covered":314,"skipped":0,"pct":81.98},"branches":{"total":355,"covered":261,"skipped":0,"pct":73.52}}
,"/Users/mac/Documents/DripsMaitainer/SoroTask/keeper/src/queue.js": {"lines":{"total":437,"covered":321,"skipped":0,"pct":73.45},"functions":{"total":60,"covered":48,"skipped":0,"pct":80},"statements":{"total":460,"covered":333,"skipped":0,"pct":72.39},"branches":{"total":341,"covered":216,"skipped":0,"pct":63.34}}
,"/Users/mac/Documents/DripsMaitainer/SoroTask/keeper/src/reconciliation.js": {"lines":{"total":308,"covered":243,"skipped":0,"pct":78.89},"functions":{"total":37,"covered":32,"skipped":0,"pct":86.48},"statements":{"total":312,"covered":246,"skipped":0,"pct":78.84},"branches":{"total":273,"covered":161,"skipped":0,"pct":58.97}}
,"/Users/mac/Documents/DripsMaitainer/SoroTask/keeper/src/registry.js": {"lines":{"total":149,"covered":148,"skipped":0,"pct":99.32},"functions":{"total":23,"covered":22,"skipped":0,"pct":95.65},"statements":{"total":162,"covered":159,"skipped":0,"pct":98.14},"branches":{"total":148,"covered":126,"skipped":0,"pct":85.13}}
,"/Users/mac/Documents/DripsMaitainer/SoroTask/keeper/src/retry.js": {"lines":{"total":72,"covered":71,"skipped":0,"pct":98.61},"functions":{"total":13,"covered":13,"skipped":0,"pct":100},"statements":{"total":76,"covered":75,"skipped":0,"pct":98.68},"branches":{"total":78,"covered":71,"skipped":0,"pct":91.02}}
,"/Users/mac/Documents/DripsMaitainer/SoroTask/keeper/src/sloMetrics.js": {"lines":{"total":94,"covered":94,"skipped":0,"pct":100},"functions":{"total":11,"covered":11,"skipped":0,"pct":100},"statements":{"total":97,"covered":97,"skipped":0,"pct":100},"branches":{"total":71,"covered":67,"skipped":0,"pct":94.36}}
,"/Users/mac/Documents/DripsMaitainer/SoroTask/keeper/src/taskSnapshot.js": {"lines":{"total":61,"covered":61,"skipped":0,"pct":100},"functions":{"total":9,"covered":9,"skipped":0,"pct":100},"statements":{"total":65,"covered":65,"skipped":0,"pct":100},"branches":{"total":32,"covered":31,"skipped":0,"pct":96.87}}
}
