TN:
SF:src/concurrency.js
FN:14,createRateLimiter
FN:32,(anonymous_1)
FN:54,(anonymous_2)
FN:109,(anonymous_3)
FN:115,(anonymous_4)
FN:116,(anonymous_5)
FN:121,(anonymous_6)
FN:128,(anonymous_7)
FN:140,createConcurrencyLimit
FNF:9
FNH:7
FNDA:149,createRateLimiter
FNDA:138,(anonymous_1)
FNDA:299,(anonymous_2)
FNDA:136,(anonymous_3)
FNDA:138,(anonymous_4)
FNDA:138,(anonymous_5)
FNDA:61,(anonymous_6)
FNDA:0,(anonymous_7)
FNDA:0,createConcurrencyLimit
DA:22,149
DA:24,149
DA:25,149
DA:26,149
DA:27,149
DA:29,149
DA:30,149
DA:32,149
DA:33,138
DA:34,134
DA:35,134
DA:38,4
DA:39,4
DA:41,4
DA:42,4
DA:43,4
DA:44,4
DA:45,0
DA:47,4
DA:51,4
DA:54,149
DA:55,299
DA:56,123
DA:59,176
DA:60,15
DA:63,161
DA:64,155
DA:65,155
DA:66,12
DA:69,155
DA:70,25
DA:71,3
DA:72,3
DA:73,0
DA:81,25
DA:82,3
DA:85,25
DA:86,25
DA:87,25
DA:88,25
DA:92,136
DA:93,3
DA:94,3
DA:95,0
DA:99,136
DA:100,136
DA:102,136
DA:103,130
DA:106,136
DA:110,136
DA:111,136
DA:115,149
DA:116,138
DA:117,138
DA:118,138
DA:121,149
DA:122,61
DA:123,2
DA:124,2
DA:128,149
DA:134,149
DA:141,0
DA:144,5
LF:63
LH:59
BRDA:14,0,0,0
BRDA:16,1,0,2
BRDA:17,2,0,2
BRDA:19,3,0,4
BRDA:33,4,0,134
BRDA:33,4,1,4
BRDA:33,5,0,138
BRDA:33,5,1,52
BRDA:44,6,0,0
BRDA:44,6,1,4
BRDA:55,7,0,123
BRDA:55,7,1,176
BRDA:59,8,0,15
BRDA:59,8,1,161
BRDA:63,9,0,155
BRDA:63,9,1,6
BRDA:65,10,0,167
BRDA:65,10,1,89
BRDA:69,11,0,25
BRDA:69,11,1,130
BRDA:70,12,0,3
BRDA:70,12,1,22
BRDA:72,13,0,0
BRDA:72,13,1,3
BRDA:81,14,0,3
BRDA:81,14,1,22
BRDA:92,15,0,3
BRDA:92,15,1,133
BRDA:94,16,0,0
BRDA:94,16,1,3
BRDA:102,17,0,130
BRDA:102,17,1,6
BRDA:115,18,0,86
BRF:33
BRH:29
end_of_record
TN:
SF:src/fraudDetection.js
FN:21,parseInteger
FN:26,clampNonNegative
FN:30,median
FN:35,(anonymous_3)
FN:42,safeString
FN:50,(anonymous_5)
FN:56,(anonymous_6)
FN:129,(anonymous_7)
FN:138,(anonymous_8)
FN:146,(anonymous_9)
FN:154,(anonymous_10)
FN:184,(anonymous_11)
FN:197,(anonymous_12)
FN:255,(anonymous_13)
FN:259,(anonymous_14)
FN:280,(anonymous_15)
FN:304,(anonymous_16)
FN:331,(anonymous_17)
FN:352,(anonymous_18)
FN:364,(anonymous_19)
FN:370,(anonymous_20)
FN:373,(anonymous_21)
FN:376,(anonymous_22)
FN:377,(anonymous_23)
FN:378,(anonymous_24)
FN:379,(anonymous_25)
FN:379,(anonymous_26)
FN:380,(anonymous_27)
FN:380,(anonymous_28)
FN:381,(anonymous_29)
FN:381,(anonymous_30)
FN:384,(anonymous_31)
FN:388,(anonymous_32)
FN:389,(anonymous_33)
FN:393,(anonymous_34)
FN:394,(anonymous_35)
FN:411,(anonymous_36)
FN:420,(anonymous_37)
FN:421,(anonymous_38)
FN:470,(anonymous_39)
FN:497,(anonymous_40)
FN:556,(anonymous_41)
FN:581,(anonymous_42)
FN:626,(anonymous_43)
FN:663,(anonymous_44)
FNF:45
FNH:37
FNDA:46,parseInteger
FNDA:10,clampNonNegative
FNDA:12,median
FNDA:3,(anonymous_3)
FNDA:50,safeString
FNDA:6,(anonymous_5)
FNDA:0,(anonymous_6)
FNDA:32,(anonymous_7)
FNDA:8,(anonymous_8)
FNDA:2,(anonymous_9)
FNDA:4,(anonymous_10)
FNDA:13,(anonymous_11)
FNDA:7,(anonymous_12)
FNDA:0,(anonymous_13)
FNDA:10,(anonymous_14)
FNDA:0,(anonymous_15)
FNDA:10,(anonymous_16)
FNDA:0,(anonymous_17)
FNDA:10,(anonymous_18)
FNDA:10,(anonymous_19)
FNDA:13,(anonymous_20)
FNDA:13,(anonymous_21)
FNDA:13,(anonymous_22)
FNDA:12,(anonymous_23)
FNDA:13,(anonymous_24)
FNDA:9,(anonymous_25)
FNDA:9,(anonymous_26)
FNDA:12,(anonymous_27)
FNDA:12,(anonymous_28)
FNDA:13,(anonymous_29)
FNDA:13,(anonymous_30)
FNDA:13,(anonymous_31)
FNDA:0,(anonymous_32)
FNDA:0,(anonymous_33)
FNDA:13,(anonymous_34)
FNDA:13,(anonymous_35)
FNDA:9,(anonymous_36)
FNDA:13,(anonymous_37)
FNDA:0,(anonymous_38)
FNDA:6,(anonymous_39)
FNDA:6,(anonymous_40)
FNDA:5,(anonymous_41)
FNDA:0,(anonymous_42)
FNDA:1,(anonymous_43)
FNDA:17,(anonymous_44)
DA:1,1
DA:2,1
DA:4,1
DA:5,1
DA:6,1
DA:7,1
DA:8,1
DA:9,1
DA:10,1
DA:11,1
DA:12,1
DA:13,1
DA:14,1
DA:15,1
DA:16,1
DA:17,1
DA:18,1
DA:19,1
DA:22,46
DA:23,46
DA:27,10
DA:31,12
DA:32,2
DA:35,10
DA:36,10
DA:37,10
DA:43,50
DA:44,48
DA:46,2
DA:51,6
DA:53,6
DA:54,6
DA:55,6
DA:56,6
DA:58,6
DA:60,6
DA:63,6
DA:66,6
DA:69,6
DA:72,6
DA:75,6
DA:78,6
DA:81,6
DA:84,6
DA:87,6
DA:90,6
DA:93,6
DA:96,6
DA:99,6
DA:102,6
DA:105,6
DA:109,6
DA:110,6
DA:111,6
DA:112,6
DA:113,6
DA:114,6
DA:116,6
DA:130,32
DA:131,32
DA:132,32
DA:134,0
DA:139,8
DA:147,2
DA:155,4
DA:156,4
DA:158,4
DA:185,13
DA:186,6
DA:189,7
DA:190,7
DA:191,7
DA:193,7
DA:198,7
DA:199,2
DA:202,5
DA:203,5
DA:204,5
DA:205,5
DA:207,5
DA:208,5
DA:209,5
DA:211,0
DA:215,5
DA:217,5
DA:218,0
DA:221,5
DA:222,5
DA:223,5
DA:225,1
DA:231,1
DA:232,1
DA:233,0
DA:234,0
DA:236,1
DA:237,1
DA:238,1
DA:240,1
DA:244,1
DA:256,0
DA:260,10
DA:261,10
DA:262,10
DA:263,10
DA:264,10
DA:265,10
DA:268,10
DA:269,10
DA:271,10
DA:272,6
DA:273,6
DA:274,6
DA:275,6
DA:278,10
DA:279,10
DA:280,6
DA:281,0
DA:288,10
DA:290,0
DA:294,0
DA:305,10
DA:306,10
DA:309,10
DA:310,10
DA:314,10
DA:332,0
DA:333,0
DA:343,0
DA:344,0
DA:345,0
DA:349,0
DA:353,10
DA:354,10
DA:355,10
DA:356,0
DA:358,10
DA:359,2
DA:365,10
DA:366,10
DA:367,10
DA:369,10
DA:370,13
DA:372,10
DA:373,13
DA:376,13
DA:377,12
DA:378,13
DA:379,10
DA:380,12
DA:381,13
DA:382,10
DA:383,10
DA:384,13
DA:387,10
DA:388,0
DA:389,0
DA:391,10
DA:393,13
DA:394,13
DA:397,10
DA:398,10
DA:399,10
DA:401,10
DA:402,4
DA:403,4
DA:406,10
DA:407,1
DA:408,1
DA:411,10
DA:412,10
DA:416,0
DA:417,0
DA:420,13
DA:421,10
DA:422,10
DA:426,5
DA:427,5
DA:430,10
DA:434,0
DA:435,0
DA:438,10
DA:439,1
DA:440,1
DA:441,0
DA:442,0
DA:446,10
DA:447,6
DA:450,4
DA:451,0
DA:454,10
DA:471,6
DA:477,6
DA:498,6
DA:499,6
DA:500,6
DA:501,1
DA:502,1
DA:503,1
DA:505,1
DA:510,1
DA:513,5
DA:514,0
DA:515,0
DA:520,5
DA:526,5
DA:527,5
DA:531,5
DA:532,0
DA:534,5
DA:535,5
DA:536,5
DA:538,5
DA:539,5
DA:551,5
DA:552,5
DA:553,5
DA:557,5
DA:563,5
DA:564,3
DA:569,3
DA:570,3
DA:571,3
DA:573,3
DA:574,3
DA:577,2
DA:580,2
DA:581,0
DA:584,2
DA:585,2
DA:595,2
DA:596,1
DA:599,1
DA:600,1
DA:601,1
DA:603,1
DA:604,1
DA:605,1
DA:606,1
DA:611,1
DA:612,1
DA:614,1
DA:618,1
DA:620,2
DA:621,2
DA:627,1
DA:635,1
DA:636,1
DA:637,0
DA:640,1
DA:641,1
DA:642,1
DA:645,1
DA:650,1
DA:651,1
DA:659,1
DA:660,1
DA:664,17
DA:665,0
DA:668,17
DA:669,17
DA:676,17
DA:677,17
DA:682,1
LF:263
LH:232
BRDA:23,0,0,0
BRDA:23,0,1,46
BRDA:26,1,0,0
BRDA:27,2,0,10
BRDA:27,2,1,0
BRDA:27,3,0,10
BRDA:27,3,1,10
BRDA:31,4,0,2
BRDA:31,4,1,10
BRDA:37,5,0,3
BRDA:37,5,1,7
BRDA:43,6,0,48
BRDA:43,6,1,2
BRDA:43,7,0,50
BRDA:43,7,1,50
BRDA:50,8,0,0
BRDA:53,9,0,6
BRDA:53,9,1,6
BRDA:54,10,0,6
BRDA:54,10,1,0
BRDA:55,11,0,6
BRDA:55,11,1,0
BRDA:56,12,0,6
BRDA:56,12,1,0
BRDA:59,13,0,6
BRDA:59,13,1,4
BRDA:59,13,2,4
BRDA:61,14,0,6
BRDA:61,14,1,5
BRDA:64,15,0,6
BRDA:64,15,1,1
BRDA:67,16,0,6
BRDA:67,16,1,1
BRDA:70,17,0,6
BRDA:70,17,1,1
BRDA:73,18,0,6
BRDA:73,18,1,6
BRDA:74,19,0,6
BRDA:74,19,1,6
BRDA:76,20,0,6
BRDA:76,20,1,6
BRDA:79,21,0,6
BRDA:79,21,1,2
BRDA:80,22,0,2
BRDA:80,22,1,2
BRDA:82,23,0,6
BRDA:82,23,1,1
BRDA:85,24,0,6
BRDA:85,24,1,1
BRDA:88,25,0,6
BRDA:88,25,1,1
BRDA:91,26,0,6
BRDA:91,26,1,1
BRDA:94,27,0,6
BRDA:94,27,1,6
BRDA:97,28,0,6
BRDA:97,28,1,6
BRDA:100,29,0,6
BRDA:100,29,1,4
BRDA:103,30,0,6
BRDA:103,30,1,6
BRDA:106,31,0,6
BRDA:106,31,1,6
BRDA:131,32,0,32
BRDA:131,32,1,0
BRDA:132,33,0,32
BRDA:132,33,1,0
BRDA:138,34,0,0
BRDA:141,35,0,8
BRDA:141,35,1,8
BRDA:142,36,0,8
BRDA:142,36,1,0
BRDA:146,37,0,0
BRDA:149,38,0,2
BRDA:149,38,1,2
BRDA:150,39,0,2
BRDA:150,39,1,0
BRDA:185,40,0,6
BRDA:185,40,1,7
BRDA:198,41,0,2
BRDA:198,41,1,5
BRDA:208,42,0,5
BRDA:208,42,1,0
BRDA:208,43,0,5
BRDA:208,43,1,3
BRDA:217,44,0,0
BRDA:217,44,1,5
BRDA:232,45,0,0
BRDA:232,45,1,1
BRDA:237,46,0,1
BRDA:237,46,1,0
BRDA:237,47,0,1
BRDA:237,47,1,1
BRDA:242,48,0,1
BRDA:242,48,1,0
BRDA:247,49,0,1
BRDA:247,49,1,0
BRDA:264,50,0,10
BRDA:264,50,1,0
BRDA:264,51,0,10
BRDA:264,51,1,10
BRDA:271,52,0,6
BRDA:271,52,1,4
BRDA:279,53,0,6
BRDA:279,53,1,4
BRDA:279,54,0,10
BRDA:279,54,1,4
BRDA:306,55,0,0
BRDA:306,55,1,10
BRDA:306,56,0,10
BRDA:306,56,1,10
BRDA:309,57,0,10
BRDA:309,57,1,2
BRDA:310,58,0,0
BRDA:310,58,1,10
BRDA:316,59,0,10
BRDA:316,59,1,0
BRDA:317,60,0,10
BRDA:317,60,1,0
BRDA:325,61,0,0
BRDA:325,61,1,10
BRDA:325,62,0,10
BRDA:325,62,1,0
BRDA:344,63,0,0
BRDA:344,63,1,0
BRDA:344,64,0,0
BRDA:344,64,1,0
BRDA:358,65,0,12
BRDA:358,65,1,12
BRDA:378,66,0,13
BRDA:378,66,1,12
BRDA:384,67,0,13
BRDA:384,67,1,13
BRDA:401,68,0,4
BRDA:401,68,1,6
BRDA:406,69,0,1
BRDA:406,69,1,9
BRDA:412,70,0,0
BRDA:412,70,1,10
BRDA:413,71,0,10
BRDA:413,71,1,8
BRDA:422,72,0,5
BRDA:422,72,1,5
BRDA:423,73,0,10
BRDA:423,73,1,5
BRDA:430,74,0,0
BRDA:430,74,1,10
BRDA:431,75,0,10
BRDA:431,75,1,0
BRDA:438,76,0,1
BRDA:438,76,1,9
BRDA:438,77,0,10
BRDA:438,77,1,1
BRDA:440,78,0,0
BRDA:440,78,1,1
BRDA:446,79,0,6
BRDA:446,79,1,4
BRDA:446,80,0,10
BRDA:446,80,1,5
BRDA:447,81,0,5
BRDA:447,81,1,1
BRDA:447,82,0,6
BRDA:447,82,1,2
BRDA:450,83,0,0
BRDA:450,83,1,4
BRDA:457,84,0,10
BRDA:457,84,1,5
BRDA:472,85,0,6
BRDA:472,85,1,0
BRDA:478,86,0,6
BRDA:478,86,1,0
BRDA:485,87,0,6
BRDA:485,87,1,0
BRDA:500,88,0,1
BRDA:500,88,1,5
BRDA:500,89,0,6
BRDA:500,89,1,1
BRDA:502,90,0,1
BRDA:502,90,1,0
BRDA:502,91,0,1
BRDA:502,91,1,1
BRDA:513,92,0,0
BRDA:513,92,1,5
BRDA:535,93,0,5
BRDA:535,93,1,0
BRDA:535,94,0,5
BRDA:535,94,1,5
BRDA:538,95,0,5
BRDA:538,95,1,0
BRDA:538,96,0,5
BRDA:538,96,1,5
BRDA:563,97,0,3
BRDA:563,97,1,2
BRDA:570,98,0,3
BRDA:570,98,1,0
BRDA:570,99,0,3
BRDA:570,99,1,3
BRDA:577,100,0,2
BRDA:577,100,1,0
BRDA:580,101,0,2
BRDA:580,101,1,0
BRDA:592,102,0,2
BRDA:592,102,1,0
BRDA:595,103,0,1
BRDA:595,103,1,1
BRDA:600,104,0,1
BRDA:600,104,1,0
BRDA:600,105,0,1
BRDA:600,105,1,1
BRDA:616,106,0,1
BRDA:616,106,1,0
BRDA:620,107,0,2
BRDA:620,107,1,0
BRDA:626,108,0,0
BRDA:629,109,0,1
BRDA:629,109,1,0
BRDA:630,110,0,1
BRDA:630,110,1,0
BRDA:631,111,0,1
BRDA:631,111,1,0
BRDA:631,111,2,0
BRDA:632,112,0,1
BRDA:632,112,1,0
BRDA:641,113,0,1
BRDA:641,113,1,0
BRDA:641,114,0,1
BRDA:641,114,1,1
BRDA:650,115,0,1
BRDA:650,115,1,0
BRDA:650,116,0,1
BRDA:650,116,1,1
BRDA:664,117,0,0
BRDA:664,117,1,17
BRDA:668,118,0,17
BRDA:668,118,1,0
BRDA:676,119,0,17
BRDA:676,119,1,0
BRF:237
BRH:177
end_of_record
TN:
SF:src/logger.js
FN:28,normalizeLogLevel
FN:32,shouldUsePrettyTransport
FN:39,createBaseLogger
FN:53,(anonymous_3)
FN:62,(anonymous_4)
FN:65,(anonymous_5)
FN:80,(anonymous_6)
FN:107,getBaseLogger
FN:114,createLogger
FN:119,(anonymous_9)
FN:122,(anonymous_10)
FN:125,(anonymous_11)
FN:128,(anonymous_12)
FN:131,(anonymous_13)
FN:134,(anonymous_14)
FN:138,(anonymous_15)
FN:151,createTracedLogger
FN:153,(anonymous_17)
FN:156,(anonymous_18)
FN:159,(anonymous_19)
FN:162,(anonymous_20)
FN:165,(anonymous_21)
FN:168,(anonymous_22)
FN:172,(anonymous_23)
FN:185,createChildLogger
FN:189,reinitializeLogger
FN:194,getLogLevel
FN:198,setLogLevel
FN:202,injectW3CTraceContext
FNF:29
FNH:28
FNDA:58,normalizeLogLevel
FNDA:112,shouldUsePrettyTransport
FNDA:56,createBaseLogger
FNDA:56,(anonymous_3)
FNDA:336,(anonymous_4)
FNDA:893,(anonymous_5)
FNDA:949,(anonymous_6)
FNDA:290,getBaseLogger
FNDA:282,createLogger
FNDA:1,(anonymous_9)
FNDA:434,(anonymous_10)
FNDA:791,(anonymous_11)
FNDA:52,(anonymous_12)
FNDA:25,(anonymous_13)
FNDA:1,(anonymous_14)
FNDA:19,(anonymous_15)
FNDA:20,createTracedLogger
FNDA:1,(anonymous_17)
FNDA:1,(anonymous_18)
FNDA:29,(anonymous_19)
FNDA:1,(anonymous_20)
FNDA:2,(anonymous_21)
FNDA:1,(anonymous_22)
FNDA:1,(anonymous_23)
FNDA:1,createChildLogger
FNDA:2,reinitializeLogger
FNDA:3,getLogLevel
FNDA:1,setLogLevel
FNDA:0,injectW3CTraceContext
DA:11,62
DA:12,62
DA:14,62
DA:26,62
DA:29,58
DA:33,112
DA:40,56
DA:54,56
DA:63,336
DA:66,893
DA:67,893
DA:68,0
DA:70,893
DA:71,232
DA:73,893
DA:74,0
DA:76,893
DA:80,949
DA:88,56
DA:89,1
DA:100,56
DA:101,56
DA:102,56
DA:105,62
DA:108,290
DA:109,54
DA:111,290
DA:115,282
DA:116,282
DA:118,282
DA:120,1
DA:123,434
DA:126,791
DA:129,52
DA:132,25
DA:135,1
DA:139,19
DA:140,19
DA:141,19
DA:142,0
DA:143,0
DA:145,19
DA:146,19
DA:152,20
DA:154,1
DA:157,1
DA:160,29
DA:163,1
DA:166,2
DA:169,1
DA:173,1
DA:174,1
DA:175,1
DA:176,0
DA:177,0
DA:179,1
DA:180,1
DA:186,1
DA:190,2
DA:191,2
DA:195,3
DA:199,1
DA:203,0
DA:204,0
DA:205,0
DA:206,0
DA:209,62
LF:67
LH:57
BRDA:29,0,0,4
BRDA:29,0,1,54
BRDA:39,1,0,54
BRDA:45,2,0,56
BRDA:45,2,1,20
BRDA:57,3,0,56
BRDA:57,3,1,20
BRDA:67,4,0,0
BRDA:67,4,1,893
BRDA:67,5,0,893
BRDA:67,5,1,0
BRDA:70,6,0,232
BRDA:70,6,1,661
BRDA:70,7,0,893
BRDA:70,7,1,232
BRDA:73,8,0,0
BRDA:73,8,1,893
BRDA:73,9,0,893
BRDA:73,9,1,0
BRDA:88,10,0,1
BRDA:88,10,1,55
BRDA:89,11,0,1
BRDA:89,11,1,1
BRDA:100,12,0,1
BRDA:100,12,1,55
BRDA:101,13,0,1
BRDA:101,13,1,55
BRDA:108,14,0,54
BRDA:108,14,1,236
BRDA:119,15,0,0
BRDA:122,16,0,19
BRDA:125,17,0,249
BRDA:128,18,0,3
BRDA:131,19,0,0
BRDA:134,20,0,0
BRDA:140,21,0,19
BRDA:140,21,1,0
BRDA:142,22,0,0
BRDA:142,22,1,0
BRDA:142,23,0,0
BRDA:142,23,1,0
BRDA:153,24,0,0
BRDA:156,25,0,0
BRDA:159,26,0,0
BRDA:162,27,0,0
BRDA:165,28,0,0
BRDA:168,29,0,0
BRDA:174,30,0,1
BRDA:174,30,1,0
BRDA:176,31,0,0
BRDA:176,31,1,0
BRDA:176,32,0,0
BRDA:176,32,1,0
BRDA:189,33,0,0
BRDA:202,34,0,0
BRDA:203,35,0,0
BRDA:203,35,1,0
BRF:57
BRH:30
end_of_record
TN:
SF:src/poller.js
FN:12,normalizeLogger
FN:19,(anonymous_1)
FN:23,(anonymous_2)
FN:24,(anonymous_3)
FN:35,(anonymous_4)
FN:87,(anonymous_5)
FN:156,(anonymous_6)
FN:186,(anonymous_7)
FN:287,(anonymous_8)
FN:288,(anonymous_9)
FN:318,(anonymous_10)
FN:364,(anonymous_11)
FN:366,(anonymous_12)
FN:367,(anonymous_13)
FN:406,(anonymous_14)
FN:468,(anonymous_15)
FN:493,(anonymous_16)
FN:703,(anonymous_17)
FN:720,(anonymous_18)
FN:804,(anonymous_19)
FN:859,(anonymous_20)
FN:887,(anonymous_21)
FN:936,(anonymous_22)
FN:967,(anonymous_23)
FN:971,(anonymous_24)
FN:999,(anonymous_25)
FN:1021,(anonymous_26)
FN:1050,(anonymous_27)
FN:1054,(anonymous_28)
FN:1064,(anonymous_29)
FN:1075,(anonymous_30)
FN:1085,(anonymous_31)
FN:1095,(anonymous_32)
FNF:33
FNH:29
FNDA:76,normalizeLogger
FNDA:15,(anonymous_1)
FNDA:21,(anonymous_2)
FNDA:19,(anonymous_3)
FNDA:55,(anonymous_4)
FNDA:0,(anonymous_5)
FNDA:0,(anonymous_6)
FNDA:25,(anonymous_7)
FNDA:40,(anonymous_8)
FNDA:40,(anonymous_9)
FNDA:40,(anonymous_10)
FNDA:37,(anonymous_11)
FNDA:13,(anonymous_12)
FNDA:2,(anonymous_13)
FNDA:0,(anonymous_14)
FNDA:1,(anonymous_15)
FNDA:26,(anonymous_16)
FNDA:16,(anonymous_17)
FNDA:16,(anonymous_18)
FNDA:12,(anonymous_19)
FNDA:12,(anonymous_20)
FNDA:50,(anonymous_21)
FNDA:44,(anonymous_22)
FNDA:2,(anonymous_23)
FNDA:27,(anonymous_24)
FNDA:20,(anonymous_25)
FNDA:4,(anonymous_26)
FNDA:1,(anonymous_27)
FNDA:4,(anonymous_28)
FNDA:0,(anonymous_29)
FNDA:2,(anonymous_30)
FNDA:1,(anonymous_31)
FNDA:2,(anonymous_32)
DA:1,3
DA:2,3
DA:3,3
DA:4,3
DA:5,3
DA:6,3
DA:7,3
DA:8,3
DA:9,3
DA:10,3
DA:13,76
DA:14,76
DA:16,76
DA:17,456
DA:22,76
DA:23,21
DA:24,19
DA:26,76
DA:36,55
DA:37,55
DA:40,55
DA:43,55
DA:46,55
DA:47,55
DA:48,55
DA:49,55
DA:50,55
DA:51,55
DA:52,55
DA:56,55
DA:62,55
DA:66,55
DA:72,55
DA:76,55
DA:82,55
DA:88,0
DA:89,0
DA:101,55
DA:112,55
DA:123,55
DA:135,55
DA:138,55
DA:144,55
DA:150,55
DA:151,4
DA:152,51
DA:153,1
DA:156,0
DA:167,50
DA:172,55
DA:173,0
DA:175,55
DA:187,25
DA:188,25
DA:190,25
DA:191,25
DA:192,25
DA:193,25
DA:194,25
DA:195,25
DA:196,25
DA:197,25
DA:198,25
DA:201,25
DA:202,0
DA:205,25
DA:206,25
DA:208,25
DA:209,3
DA:210,3
DA:220,3
DA:223,22
DA:225,22
DA:226,22
DA:230,22
DA:233,22
DA:234,22
DA:236,22
DA:237,5
DA:238,5
DA:245,5
DA:246,5
DA:247,5
DA:249,5
DA:250,4
DA:262,22
DA:270,22
DA:271,22
DA:272,2
DA:273,2
DA:274,2
DA:280,0
DA:283,0
DA:287,22
DA:288,40
DA:289,40
DA:290,40
DA:293,40
DA:294,40
DA:295,40
DA:301,37
DA:302,37
DA:306,22
DA:309,22
DA:310,22
DA:311,22
DA:313,22
DA:314,22
DA:315,22
DA:316,22
DA:318,22
DA:319,40
DA:320,37
DA:322,37
DA:323,24
DA:328,24
DA:329,24
DA:330,24
DA:331,1
DA:333,13
DA:334,2
DA:335,11
DA:336,1
DA:339,37
DA:340,13
DA:343,37
DA:344,9
DA:345,28
DA:346,0
DA:349,37
DA:350,6
DA:351,6
DA:354,37
DA:355,3
DA:356,3
DA:357,3
DA:361,22
DA:363,22
DA:364,37
DA:366,22
DA:367,22
DA:369,22
DA:381,22
DA:383,22
DA:384,22
DA:385,0
DA:386,0
DA:387,0
DA:393,0
DA:404,22
DA:406,0
DA:407,0
DA:408,0
DA:416,0
DA:424,22
DA:426,22
DA:427,0
DA:430,0
DA:431,0
DA:434,0
DA:435,0
DA:442,22
DA:445,0
DA:446,0
DA:447,0
DA:448,0
DA:452,0
DA:453,0
DA:456,0
DA:457,0
DA:464,0
DA:469,1
DA:473,1
DA:474,1
DA:477,1
DA:494,26
DA:495,26
DA:499,26
DA:501,26
DA:502,26
DA:505,26
DA:506,0
DA:507,0
DA:508,0
DA:509,0
DA:514,26
DA:515,26
DA:516,26
DA:517,2
DA:518,2
DA:523,26
DA:526,1
DA:527,1
DA:528,1
DA:529,1
DA:530,1
DA:531,0
DA:537,26
DA:538,23
DA:539,21
DA:542,21
DA:543,20
DA:544,20
DA:545,0
DA:550,24
DA:551,24
DA:554,24
DA:555,1
DA:556,1
DA:557,0
DA:558,0
DA:562,23
DA:563,0
DA:567,23
DA:568,23
DA:569,0
DA:570,0
DA:574,23
DA:575,3
DA:576,3
DA:577,0
DA:578,0
DA:582,20
DA:583,20
DA:584,20
DA:585,4
DA:588,20
DA:589,20
DA:590,20
DA:592,20
DA:593,20
DA:594,20
DA:596,20
DA:599,20
DA:601,20
DA:602,16
DA:603,16
DA:605,16
DA:606,1
DA:616,16
DA:628,4
DA:629,2
DA:630,2
DA:641,20
DA:642,0
DA:652,20
DA:653,0
DA:662,20
DA:663,20
DA:664,16
DA:665,16
DA:666,2
DA:667,2
DA:671,2
DA:672,0
DA:681,20
DA:698,2
DA:699,2
DA:704,16
DA:705,16
DA:706,14
DA:709,2
DA:710,2
DA:713,0
DA:714,0
DA:717,0
DA:721,16
DA:722,16
DA:723,14
DA:726,2
DA:728,2
DA:729,0
DA:733,0
DA:736,2
DA:737,2
DA:745,1
DA:746,1
DA:753,0
DA:760,1
DA:770,1
DA:777,1
DA:778,0
DA:787,1
DA:805,12
DA:806,12
DA:809,12
DA:815,12
DA:820,12
DA:828,12
DA:830,11
DA:831,0
DA:834,10
DA:836,10
DA:837,0
DA:841,10
DA:842,10
DA:846,2
DA:847,0
DA:849,2
DA:860,12
DA:862,12
DA:863,1
DA:867,11
DA:868,11
DA:869,11
DA:870,11
DA:871,1
DA:874,10
DA:878,10
DA:879,0
DA:880,0
DA:883,10
DA:884,10
DA:887,10
DA:888,50
DA:889,50
DA:891,50
DA:893,10
DA:894,10
DA:896,10
DA:897,10
DA:899,10
DA:900,10
DA:902,0
DA:903,0
DA:905,10
DA:906,10
DA:908,10
DA:909,10
DA:911,0
DA:912,0
DA:914,0
DA:915,0
DA:917,0
DA:918,0
DA:922,10
DA:925,0
DA:926,0
DA:937,44
DA:938,44
DA:939,44
DA:968,2
DA:972,27
DA:980,27
DA:981,126
DA:982,1
DA:984,125
DA:985,3
DA:986,3
DA:987,1
DA:989,2
DA:990,2
DA:991,1
DA:996,24
DA:1000,20
DA:1001,5
DA:1003,15
DA:1004,1
DA:1006,14
DA:1007,12
DA:1009,2
DA:1022,4
DA:1023,1
DA:1026,3
DA:1027,3
DA:1029,2
DA:1030,1
DA:1038,2
DA:1040,1
DA:1041,1
DA:1051,1
DA:1055,4
DA:1065,0
DA:1076,2
DA:1077,2
DA:1086,1
DA:1096,2
DA:1097,1
DA:1098,1
DA:1100,1
DA:1105,3
LF:381
LH:312
BRDA:13,0,0,76
BRDA:13,0,1,46
BRDA:17,1,0,429
BRDA:17,1,1,27
BRDA:22,2,0,63
BRDA:22,2,1,13
BRDA:35,3,0,4
BRDA:43,4,0,6
BRDA:43,4,1,49
BRDA:47,5,0,55
BRDA:47,5,1,55
BRDA:48,6,0,55
BRDA:48,6,1,55
BRDA:49,7,0,55
BRDA:49,7,1,53
BRDA:50,8,0,55
BRDA:50,8,1,55
BRDA:50,8,2,55
BRDA:51,9,0,55
BRDA:51,9,1,55
BRDA:53,10,0,55
BRDA:53,10,1,55
BRDA:53,10,2,55
BRDA:57,11,0,55
BRDA:57,11,1,55
BRDA:57,11,2,55
BRDA:63,12,0,55
BRDA:63,12,1,24
BRDA:63,12,2,24
BRDA:67,13,0,55
BRDA:67,13,1,55
BRDA:67,13,2,55
BRDA:73,14,0,0
BRDA:73,14,1,55
BRDA:73,15,0,55
BRDA:73,15,1,55
BRDA:77,16,0,0
BRDA:77,16,1,55
BRDA:77,17,0,55
BRDA:77,17,1,55
BRDA:88,18,0,0
BRDA:88,18,1,0
BRDA:101,19,0,55
BRDA:101,19,1,55
BRDA:102,20,0,55
BRDA:102,20,1,55
BRDA:103,21,0,0
BRDA:103,21,1,55
BRDA:105,22,0,55
BRDA:105,22,1,55
BRDA:105,22,2,55
BRDA:139,23,0,55
BRDA:139,23,1,55
BRDA:140,24,0,55
BRDA:140,24,1,55
BRDA:150,25,0,4
BRDA:150,25,1,51
BRDA:152,26,0,1
BRDA:152,26,1,50
BRDA:152,27,0,51
BRDA:152,27,1,50
BRDA:158,28,0,1
BRDA:158,28,1,1
BRDA:158,28,2,1
BRDA:159,29,0,1
BRDA:159,29,1,1
BRDA:159,29,2,1
BRDA:160,30,0,1
BRDA:160,30,1,1
BRDA:160,30,2,1
BRDA:161,31,0,1
BRDA:161,31,1,1
BRDA:161,31,2,1
BRDA:172,32,0,0
BRDA:172,32,1,55
BRDA:186,33,0,24
BRDA:201,34,0,0
BRDA:201,34,1,25
BRDA:208,35,0,3
BRDA:208,35,1,22
BRDA:208,36,0,25
BRDA:208,36,1,24
BRDA:236,37,0,5
BRDA:236,37,1,17
BRDA:237,38,0,5
BRDA:237,38,1,5
BRDA:237,38,2,5
BRDA:241,39,0,5
BRDA:241,39,1,5
BRDA:242,40,0,5
BRDA:242,40,1,5
BRDA:249,41,0,4
BRDA:249,41,1,1
BRDA:262,42,0,22
BRDA:262,42,1,22
BRDA:262,42,2,22
BRDA:271,43,0,2
BRDA:271,43,1,20
BRDA:271,44,0,22
BRDA:271,44,1,2
BRDA:281,45,0,0
BRDA:281,45,1,0
BRDA:294,46,0,2
BRDA:294,46,1,38
BRDA:311,47,0,21
BRDA:319,48,0,37
BRDA:319,48,1,3
BRDA:322,49,0,24
BRDA:322,49,1,13
BRDA:324,50,0,1
BRDA:324,50,1,23
BRDA:330,51,0,1
BRDA:330,51,1,23
BRDA:333,52,0,2
BRDA:333,52,1,11
BRDA:335,53,0,1
BRDA:335,53,1,10
BRDA:339,54,0,13
BRDA:339,54,1,24
BRDA:343,55,0,9
BRDA:343,55,1,28
BRDA:345,56,0,0
BRDA:345,56,1,28
BRDA:349,57,0,6
BRDA:349,57,1,31
BRDA:349,58,0,37
BRDA:349,58,1,28
BRDA:355,59,0,3
BRDA:355,59,1,0
BRDA:357,60,0,3
BRDA:357,60,1,0
BRDA:363,61,0,20
BRDA:363,61,1,2
BRDA:374,62,0,2
BRDA:374,62,1,20
BRDA:384,63,0,0
BRDA:384,63,1,22
BRDA:385,64,0,0
BRDA:385,64,1,0
BRDA:391,65,0,0
BRDA:391,65,1,0
BRDA:398,66,0,0
BRDA:398,66,1,0
BRDA:398,67,0,0
BRDA:398,67,1,0
BRDA:404,68,0,0
BRDA:404,68,1,22
BRDA:407,69,0,0
BRDA:407,69,1,0
BRDA:407,70,0,0
BRDA:407,70,1,0
BRDA:426,71,0,0
BRDA:426,71,1,22
BRDA:426,72,0,22
BRDA:426,72,1,0
BRDA:431,73,0,0
BRDA:431,73,1,0
BRDA:431,74,0,0
BRDA:431,74,1,0
BRDA:434,75,0,0
BRDA:434,75,1,0
BRDA:434,76,0,0
BRDA:434,76,1,0
BRDA:447,77,0,0
BRDA:447,77,1,0
BRDA:452,78,0,0
BRDA:452,78,1,0
BRDA:456,79,0,0
BRDA:456,79,1,0
BRDA:473,80,0,1
BRDA:473,80,1,0
BRDA:493,81,0,12
BRDA:495,82,0,14
BRDA:495,82,1,12
BRDA:505,83,0,0
BRDA:505,83,1,26
BRDA:507,84,0,0
BRDA:507,84,1,0
BRDA:514,85,0,26
BRDA:514,85,1,0
BRDA:516,86,0,2
BRDA:516,86,1,24
BRDA:523,87,0,1
BRDA:523,87,1,25
BRDA:523,88,0,26
BRDA:523,88,1,24
BRDA:526,89,0,1
BRDA:526,89,1,0
BRDA:527,90,0,1
BRDA:527,90,1,0
BRDA:530,91,0,0
BRDA:530,91,1,1
BRDA:537,92,0,23
BRDA:537,92,1,3
BRDA:542,93,0,20
BRDA:542,93,1,1
BRDA:544,94,0,0
BRDA:544,94,1,20
BRDA:550,95,0,24
BRDA:550,95,1,0
BRDA:554,96,0,1
BRDA:554,96,1,23
BRDA:562,97,0,0
BRDA:562,97,1,23
BRDA:563,98,0,0
BRDA:563,98,1,0
BRDA:567,99,0,23
BRDA:567,99,1,21
BRDA:568,100,0,0
BRDA:568,100,1,23
BRDA:574,101,0,3
BRDA:574,101,1,20
BRDA:584,102,0,4
BRDA:584,102,1,16
BRDA:596,103,0,20
BRDA:596,103,1,0
BRDA:601,104,0,16
BRDA:601,104,1,4
BRDA:605,105,0,1
BRDA:605,105,1,15
BRDA:628,106,0,2
BRDA:628,106,1,2
BRDA:641,107,0,0
BRDA:641,107,1,20
BRDA:641,108,0,20
BRDA:641,108,1,13
BRDA:652,109,0,0
BRDA:652,109,1,20
BRDA:658,110,0,0
BRDA:658,110,1,0
BRDA:663,111,0,16
BRDA:663,111,1,4
BRDA:665,112,0,2
BRDA:665,112,1,14
BRDA:665,113,0,16
BRDA:665,113,1,2
BRDA:667,114,0,1
BRDA:667,114,1,1
BRDA:671,115,0,0
BRDA:671,115,1,2
BRDA:675,116,0,0
BRDA:675,116,1,0
BRDA:685,117,0,14
BRDA:685,117,1,6
BRDA:688,118,0,20
BRDA:688,118,1,0
BRDA:704,119,0,16
BRDA:704,119,1,16
BRDA:705,120,0,14
BRDA:705,120,1,2
BRDA:709,121,0,2
BRDA:709,121,1,0
BRDA:710,122,0,2
BRDA:710,122,1,0
BRDA:713,123,0,0
BRDA:713,123,1,0
BRDA:714,124,0,0
BRDA:714,124,1,0
BRDA:714,124,2,0
BRDA:714,124,3,0
BRDA:720,125,0,0
BRDA:722,126,0,14
BRDA:722,126,1,2
BRDA:726,127,0,2
BRDA:726,127,1,0
BRDA:728,128,0,0
BRDA:728,128,1,2
BRDA:745,129,0,1
BRDA:745,129,1,0
BRDA:749,130,0,1
BRDA:749,130,1,0
BRDA:763,131,0,1
BRDA:763,131,1,0
BRDA:764,132,0,1
BRDA:764,132,1,1
BRDA:765,133,0,1
BRDA:765,133,1,1
BRDA:773,134,0,1
BRDA:773,134,1,0
BRDA:777,135,0,0
BRDA:777,135,1,1
BRDA:783,136,0,0
BRDA:783,136,1,0
BRDA:792,137,0,1
BRDA:792,137,1,0
BRDA:822,138,0,12
BRDA:822,138,1,12
BRDA:830,139,0,0
BRDA:830,139,1,10
BRDA:830,140,0,11
BRDA:830,140,1,10
BRDA:836,141,0,0
BRDA:836,141,1,10
BRDA:846,142,0,0
BRDA:846,142,1,2
BRDA:846,143,0,2
BRDA:846,143,1,2
BRDA:862,144,0,1
BRDA:862,144,1,11
BRDA:868,145,0,11
BRDA:868,145,1,0
BRDA:870,146,0,1
BRDA:870,146,1,10
BRDA:878,147,0,0
BRDA:878,147,1,10
BRDA:891,148,0,10
BRDA:891,148,1,10
BRDA:891,148,2,10
BRDA:891,148,3,0
BRDA:891,148,4,10
BRDA:891,148,5,10
BRDA:891,148,6,0
BRDA:891,148,7,0
BRDA:891,148,8,0
BRDA:937,149,0,44
BRDA:937,149,1,22
BRDA:938,150,0,4
BRDA:938,150,1,40
BRDA:949,151,0,44
BRDA:949,151,1,4
BRDA:968,152,0,1
BRDA:968,152,1,1
BRDA:971,153,0,0
BRDA:981,154,0,1
BRDA:981,154,1,125
BRDA:981,155,0,126
BRDA:981,155,1,2
BRDA:984,156,0,3
BRDA:984,156,1,122
BRDA:984,157,0,125
BRDA:984,157,1,3
BRDA:986,158,0,1
BRDA:986,158,1,2
BRDA:990,159,0,1
BRDA:990,159,1,1
BRDA:996,160,0,24
BRDA:996,160,1,1
BRDA:1000,161,0,5
BRDA:1000,161,1,15
BRDA:1000,162,0,20
BRDA:1000,162,1,20
BRDA:1003,163,0,1
BRDA:1003,163,1,14
BRDA:1006,164,0,12
BRDA:1006,164,1,2
BRDA:1022,165,0,1
BRDA:1022,165,1,3
BRDA:1029,166,0,1
BRDA:1029,166,1,1
BRDA:1029,167,0,2
BRDA:1029,167,1,1
BRDA:1076,168,0,1
BRDA:1076,168,1,1
BRDA:1096,169,0,1
BRDA:1096,169,1,1
BRF:355
BRH:261
end_of_record
TN:
SF:src/queue.js
FN:27,(anonymous_0)
FN:46,(anonymous_1)
FN:60,(anonymous_2)
FN:92,(anonymous_3)
FN:98,(anonymous_4)
FN:121,(anonymous_5)
FN:126,(anonymous_6)
FN:128,(anonymous_7)
FN:132,(anonymous_8)
FN:146,(anonymous_9)
FN:154,(anonymous_10)
FN:173,(anonymous_11)
FN:185,(anonymous_12)
FN:206,(anonymous_13)
FN:208,(anonymous_14)
FN:209,(anonymous_15)
FN:235,(anonymous_16)
FN:252,(anonymous_17)
FN:262,(anonymous_18)
FN:279,normalizePriority
FN:296,getMicrosecondTimestamp
FN:300,defaultTaskComparator
FN:316,buildTaskItem
FN:354,(anonymous_23)
FN:408,(anonymous_24)
FN:430,(anonymous_25)
FN:438,(anonymous_26)
FN:445,(anonymous_27)
FN:449,(anonymous_28)
FN:461,(anonymous_29)
FN:468,(anonymous_30)
FN:477,(anonymous_31)
FN:487,(anonymous_32)
FN:503,(anonymous_33)
FN:521,(anonymous_34)
FN:525,(anonymous_35)
FN:535,(anonymous_36)
FN:538,(anonymous_37)
FN:539,(anonymous_38)
FN:726,(anonymous_39)
FN:741,(anonymous_40)
FN:742,(anonymous_41)
FN:751,(anonymous_42)
FN:752,(anonymous_43)
FN:761,(anonymous_44)
FN:762,(anonymous_45)
FN:910,(anonymous_46)
FN:917,(anonymous_47)
FN:925,(anonymous_48)
FN:929,(anonymous_49)
FN:934,(anonymous_50)
FN:952,(anonymous_51)
FN:957,(anonymous_52)
FN:962,(anonymous_53)
FN:963,(anonymous_54)
FN:971,(anonymous_55)
FN:995,(anonymous_56)
FN:1007,(anonymous_57)
FN:1021,(anonymous_58)
FN:1037,(anonymous_59)
FNF:60
FNH:48
FNDA:61,(anonymous_0)
FNDA:0,(anonymous_1)
FNDA:1,(anonymous_2)
FNDA:28,(anonymous_3)
FNDA:0,(anonymous_4)
FNDA:0,(anonymous_5)
FNDA:0,(anonymous_6)
FNDA:0,(anonymous_7)
FNDA:0,(anonymous_8)
FNDA:0,(anonymous_9)
FNDA:2,(anonymous_10)
FNDA:61,(anonymous_11)
FNDA:50,(anonymous_12)
FNDA:29,(anonymous_13)
FNDA:50,(anonymous_14)
FNDA:50,(anonymous_15)
FNDA:50,(anonymous_16)
FNDA:50,(anonymous_17)
FNDA:29,(anonymous_18)
FNDA:10,normalizePriority
FNDA:60,getMicrosecondTimestamp
FNDA:4,defaultTaskComparator
FNDA:53,buildTaskItem
FNDA:61,(anonymous_23)
FNDA:0,(anonymous_24)
FNDA:1,(anonymous_25)
FNDA:1,(anonymous_26)
FNDA:2,(anonymous_27)
FNDA:60,(anonymous_28)
FNDA:46,(anonymous_29)
FNDA:52,(anonymous_30)
FNDA:30,(anonymous_31)
FNDA:53,(anonymous_32)
FNDA:50,(anonymous_33)
FNDA:50,(anonymous_34)
FNDA:50,(anonymous_35)
FNDA:45,(anonymous_36)
FNDA:45,(anonymous_37)
FNDA:45,(anonymous_38)
FNDA:7,(anonymous_39)
FNDA:7,(anonymous_40)
FNDA:7,(anonymous_41)
FNDA:7,(anonymous_42)
FNDA:1,(anonymous_43)
FNDA:7,(anonymous_44)
FNDA:7,(anonymous_45)
FNDA:7,(anonymous_46)
FNDA:82,(anonymous_47)
FNDA:58,(anonymous_48)
FNDA:60,(anonymous_49)
FNDA:60,(anonymous_50)
FNDA:60,(anonymous_51)
FNDA:0,(anonymous_52)
FNDA:60,(anonymous_53)
FNDA:0,(anonymous_54)
FNDA:60,(anonymous_55)
FNDA:0,(anonymous_56)
FNDA:0,(anonymous_57)
FNDA:2,(anonymous_58)
FNDA:1,(anonymous_59)
DA:1,2
DA:2,2
DA:3,2
DA:4,2
DA:5,2
DA:6,2
DA:28,61
DA:29,61
DA:30,61
DA:31,61
DA:32,61
DA:34,61
DA:35,61
DA:36,61
DA:37,61
DA:48,0
DA:49,0
DA:50,0
DA:51,0
DA:52,0
DA:54,0
DA:61,1
DA:62,0
DA:63,0
DA:64,0
DA:69,0
DA:74,0
DA:75,0
DA:76,0
DA:77,0
DA:78,0
DA:81,0
DA:82,0
DA:93,28
DA:94,28
DA:95,28
DA:97,0
DA:98,0
DA:107,0
DA:109,0
DA:110,0
DA:122,0
DA:123,0
DA:124,0
DA:126,0
DA:127,0
DA:128,0
DA:129,0
DA:131,0
DA:133,0
DA:134,0
DA:135,0
DA:136,0
DA:137,0
DA:138,0
DA:143,0
DA:144,0
DA:147,0
DA:148,0
DA:155,2
DA:156,2
DA:157,2
DA:175,61
DA:177,61
DA:186,50
DA:187,50
DA:188,50
DA:189,50
DA:190,0
DA:191,0
DA:192,0
DA:193,0
DA:207,29
DA:208,50
DA:209,50
DA:211,29
DA:212,1
DA:216,28
DA:217,28
DA:219,28
DA:220,50
DA:221,50
DA:224,28
DA:225,50
DA:226,50
DA:227,0
DA:228,0
DA:229,0
DA:234,28
DA:235,50
DA:237,28
DA:238,28
DA:239,28
DA:240,28
DA:241,50
DA:242,0
DA:243,0
DA:244,0
DA:247,28
DA:252,50
DA:253,28
DA:256,28
DA:258,28
DA:263,29
DA:264,29
DA:269,2
DA:270,2
DA:271,2
DA:272,2
DA:280,10
DA:281,10
DA:282,10
DA:283,10
DA:285,0
DA:286,0
DA:289,0
DA:290,0
DA:293,0
DA:297,60
DA:301,4
DA:302,1
DA:305,3
DA:306,0
DA:309,3
DA:310,3
DA:313,0
DA:317,53
DA:318,3
DA:337,50
DA:355,61
DA:358,61
DA:359,61
DA:361,61
DA:362,61
DA:364,61
DA:365,61
DA:370,61
DA:382,61
DA:393,61
DA:395,61
DA:400,61
DA:401,61
DA:403,61
DA:409,0
DA:410,0
DA:416,61
DA:418,61
DA:419,61
DA:420,61
DA:421,61
DA:423,61
DA:424,61
DA:425,61
DA:426,61
DA:427,61
DA:431,1
DA:432,1
DA:435,1
DA:439,1
DA:440,0
DA:443,1
DA:444,1
DA:445,2
DA:446,1
DA:450,60
DA:451,1
DA:454,59
DA:455,59
DA:458,0
DA:462,46
DA:463,5
DA:464,5
DA:469,52
DA:478,30
DA:479,1
DA:482,1
DA:485,29
DA:487,53
DA:490,29
DA:491,29
DA:493,29
DA:495,29
DA:496,4
DA:502,29
DA:503,50
DA:515,29
DA:516,29
DA:517,50
DA:518,50
DA:519,50
DA:521,50
DA:522,29
DA:525,50
DA:527,29
DA:528,29
DA:531,29
DA:532,28
DA:534,27
DA:535,45
DA:538,27
DA:539,45
DA:540,45
DA:541,0
DA:544,45
DA:545,45
DA:546,45
DA:547,45
DA:549,45
DA:550,2
DA:551,2
DA:553,2
DA:554,1
DA:555,0
DA:557,1
DA:562,1
DA:566,44
DA:567,44
DA:569,44
DA:570,44
DA:572,44
DA:575,44
DA:576,0
DA:579,44
DA:580,44
DA:581,44
DA:582,44
DA:583,44
DA:584,0
DA:585,0
DA:586,0
DA:589,44
DA:590,44
DA:591,44
DA:593,44
DA:596,44
DA:598,38
DA:600,38
DA:601,38
DA:603,38
DA:605,38
DA:606,4
DA:609,4
DA:610,4
DA:611,0
DA:612,0
DA:613,0
DA:622,4
DA:625,34
DA:628,38
DA:629,1
DA:634,38
DA:636,6
DA:637,6
DA:639,6
DA:642,6
DA:644,6
DA:645,6
DA:646,6
DA:654,6
DA:655,1
DA:656,1
DA:657,0
DA:658,0
DA:660,1
DA:664,6
DA:665,0
DA:668,6
DA:669,0
DA:675,6
DA:677,44
DA:678,44
DA:679,44
DA:680,44
DA:682,0
DA:685,44
DA:690,27
DA:691,27
DA:693,27
DA:694,27
DA:696,0
DA:702,29
DA:704,29
DA:706,29
DA:707,29
DA:708,4
DA:711,29
DA:718,29
DA:719,29
DA:720,29
DA:721,29
DA:722,29
DA:727,7
DA:728,0
DA:731,0
DA:734,7
DA:735,1
DA:738,6
DA:740,6
DA:741,7
DA:742,7
DA:751,7
DA:752,1
DA:754,6
DA:756,6
DA:757,0
DA:760,6
DA:761,6
DA:762,7
DA:763,7
DA:764,0
DA:767,7
DA:768,7
DA:769,7
DA:770,7
DA:772,7
DA:773,7
DA:775,7
DA:776,0
DA:777,0
DA:779,0
DA:780,0
DA:781,0
DA:783,0
DA:787,0
DA:791,7
DA:792,7
DA:794,7
DA:796,7
DA:799,7
DA:800,0
DA:803,7
DA:804,7
DA:805,7
DA:806,7
DA:807,7
DA:808,0
DA:809,0
DA:810,0
DA:813,7
DA:814,7
DA:815,7
DA:817,7
DA:820,7
DA:822,5
DA:824,5
DA:825,5
DA:827,5
DA:829,5
DA:830,0
DA:831,0
DA:832,0
DA:834,0
DA:835,0
DA:836,0
DA:837,0
DA:838,0
DA:846,0
DA:848,5
DA:851,5
DA:853,2
DA:854,2
DA:856,2
DA:857,2
DA:858,2
DA:860,2
DA:862,2
DA:863,0
DA:864,0
DA:865,0
DA:868,2
DA:869,1
DA:872,2
DA:874,7
DA:875,7
DA:876,7
DA:877,7
DA:879,0
DA:882,7
DA:883,7
DA:888,6
DA:890,6
DA:891,6
DA:893,0
DA:897,6
DA:898,6
DA:899,0
DA:902,6
DA:909,6
DA:910,7
DA:912,6
DA:913,6
DA:918,82
DA:919,39
DA:920,39
DA:922,43
DA:926,58
DA:930,60
DA:934,60
DA:936,60
DA:937,60
DA:939,60
DA:945,60
DA:946,60
DA:947,60
DA:949,60
DA:951,60
DA:953,60
DA:954,2
DA:956,60
DA:957,0
DA:958,0
DA:960,60
DA:963,60
DA:964,0
DA:968,0
DA:971,60
DA:975,60
DA:976,60
DA:985,60
DA:986,60
DA:988,0
DA:991,60
DA:992,60
DA:996,0
DA:1008,0
DA:1009,0
DA:1010,0
DA:1011,0
DA:1022,2
DA:1023,2
DA:1025,2
DA:1027,2
DA:1028,2
DA:1032,2
DA:1034,2
DA:1038,1
DA:1044,2
LF:437
LH:321
BRDA:27,0,0,0
BRDA:28,1,0,61
BRDA:28,1,1,0
BRDA:29,2,0,61
BRDA:29,2,1,61
BRDA:29,2,2,61
BRDA:30,3,0,61
BRDA:30,3,1,61
BRDA:30,3,2,61
BRDA:31,4,0,61
BRDA:31,4,1,61
BRDA:31,4,2,61
BRDA:61,5,0,1
BRDA:61,5,1,0
BRDA:93,6,0,28
BRDA:93,6,1,0
BRDA:103,7,0,0
BRDA:103,7,1,0
BRDA:104,8,0,0
BRDA:104,8,1,0
BRDA:121,9,0,0
BRDA:122,10,0,0
BRDA:122,10,1,0
BRDA:134,11,0,0
BRDA:134,11,1,0
BRDA:156,12,0,0
BRDA:156,12,1,2
BRDA:157,13,0,0
BRDA:157,13,1,2
BRDA:185,14,0,0
BRDA:188,15,0,50
BRDA:188,15,1,0
BRDA:193,16,0,0
BRDA:193,16,1,0
BRDA:211,17,0,1
BRDA:211,17,1,28
BRDA:212,18,0,0
BRDA:212,18,1,1
BRDA:225,19,0,50
BRDA:225,19,1,0
BRDA:227,20,0,0
BRDA:227,20,1,0
BRDA:228,21,0,0
BRDA:228,21,1,0
BRDA:241,22,0,50
BRDA:241,22,1,0
BRDA:242,23,0,0
BRDA:242,23,1,0
BRDA:244,24,0,0
BRDA:244,24,1,0
BRDA:252,25,0,50
BRDA:252,25,1,50
BRDA:253,26,0,0
BRDA:253,26,1,28
BRDA:256,27,0,0
BRDA:256,27,1,28
BRDA:280,28,0,10
BRDA:280,28,1,0
BRDA:282,29,0,10
BRDA:282,29,1,0
BRDA:286,30,0,0
BRDA:286,30,1,0
BRDA:289,31,0,0
BRDA:289,31,1,0
BRDA:289,32,0,0
BRDA:289,32,1,0
BRDA:301,33,0,1
BRDA:301,33,1,3
BRDA:305,34,0,0
BRDA:305,34,1,3
BRDA:309,35,0,3
BRDA:309,35,1,0
BRDA:310,36,0,0
BRDA:310,36,1,3
BRDA:317,37,0,3
BRDA:317,37,1,50
BRDA:317,38,0,53
BRDA:317,38,1,3
BRDA:320,39,0,3
BRDA:320,39,1,3
BRDA:322,40,0,0
BRDA:322,40,1,3
BRDA:328,41,0,3
BRDA:328,41,1,3
BRDA:329,42,0,3
BRDA:329,42,1,3
BRDA:330,43,0,3
BRDA:330,43,1,3
BRDA:331,44,0,3
BRDA:331,44,1,3
BRDA:354,45,0,8
BRDA:354,46,0,61
BRDA:358,47,0,61
BRDA:358,47,1,61
BRDA:359,48,0,51
BRDA:359,48,1,10
BRDA:361,49,0,61
BRDA:361,49,1,61
BRDA:364,50,0,61
BRDA:364,50,1,59
BRDA:365,51,0,51
BRDA:365,51,1,10
BRDA:365,52,0,10
BRDA:365,52,1,10
BRDA:370,53,0,61
BRDA:370,53,1,61
BRDA:382,54,0,61
BRDA:382,54,1,61
BRDA:393,55,0,61
BRDA:393,55,1,61
BRDA:396,56,0,61
BRDA:396,56,1,2
BRDA:396,56,2,1
BRDA:400,57,0,61
BRDA:400,57,1,61
BRDA:400,57,2,61
BRDA:409,58,0,0
BRDA:409,58,1,0
BRDA:413,59,0,61
BRDA:413,59,1,61
BRDA:431,60,0,1
BRDA:431,60,1,0
BRDA:431,61,0,1
BRDA:431,61,1,1
BRDA:438,62,0,0
BRDA:438,63,0,0
BRDA:438,63,1,0
BRDA:439,64,0,0
BRDA:439,64,1,1
BRDA:439,65,0,1
BRDA:439,65,1,1
BRDA:450,66,0,1
BRDA:450,66,1,59
BRDA:450,67,0,60
BRDA:450,67,1,60
BRDA:454,68,0,59
BRDA:454,68,1,0
BRDA:454,69,0,59
BRDA:454,69,1,59
BRDA:462,70,0,5
BRDA:462,70,1,41
BRDA:477,71,0,29
BRDA:478,72,0,1
BRDA:478,72,1,29
BRDA:480,73,0,1
BRDA:480,73,1,0
BRDA:485,74,0,29
BRDA:485,74,1,0
BRDA:487,75,0,53
BRDA:487,75,1,53
BRDA:495,76,0,4
BRDA:495,76,1,25
BRDA:502,77,0,28
BRDA:502,77,1,1
BRDA:518,78,0,0
BRDA:518,78,1,50
BRDA:518,79,0,50
BRDA:518,79,1,1
BRDA:532,80,0,1
BRDA:532,80,1,27
BRDA:540,81,0,0
BRDA:540,81,1,45
BRDA:545,82,0,45
BRDA:545,82,1,0
BRDA:549,83,0,2
BRDA:549,83,1,43
BRDA:553,84,0,1
BRDA:553,84,1,1
BRDA:554,85,0,0
BRDA:554,85,1,1
BRDA:570,86,0,1
BRDA:570,86,1,43
BRDA:572,87,0,44
BRDA:572,87,1,43
BRDA:575,88,0,0
BRDA:575,88,1,44
BRDA:580,89,0,44
BRDA:580,89,1,0
BRDA:581,90,0,44
BRDA:581,90,1,44
BRDA:583,91,0,0
BRDA:583,91,1,44
BRDA:589,92,0,44
BRDA:589,92,1,0
BRDA:589,93,0,44
BRDA:589,93,1,44
BRDA:600,94,0,38
BRDA:600,94,1,0
BRDA:600,95,0,38
BRDA:600,95,1,38
BRDA:605,96,0,4
BRDA:605,96,1,34
BRDA:610,97,0,0
BRDA:610,97,1,4
BRDA:610,98,0,4
BRDA:610,98,1,0
BRDA:611,99,0,0
BRDA:611,99,1,0
BRDA:611,100,0,0
BRDA:611,100,1,0
BRDA:612,101,0,0
BRDA:612,101,1,0
BRDA:628,102,0,1
BRDA:628,102,1,37
BRDA:639,103,0,6
BRDA:639,103,1,0
BRDA:639,104,0,6
BRDA:639,104,1,6
BRDA:642,105,0,6
BRDA:642,105,1,6
BRDA:645,106,0,6
BRDA:645,106,1,0
BRDA:645,107,0,6
BRDA:645,107,1,6
BRDA:654,108,0,1
BRDA:654,108,1,5
BRDA:656,109,0,0
BRDA:656,109,1,1
BRDA:656,110,0,1
BRDA:656,110,1,1
BRDA:656,110,2,1
BRDA:664,111,0,0
BRDA:664,111,1,6
BRDA:664,112,0,6
BRDA:664,112,1,6
BRDA:668,113,0,0
BRDA:668,113,1,6
BRDA:671,114,0,0
BRDA:671,114,1,0
BRDA:677,115,0,44
BRDA:677,115,1,0
BRDA:707,116,0,4
BRDA:707,116,1,25
BRDA:707,117,0,29
BRDA:707,117,1,4
BRDA:726,118,0,7
BRDA:727,119,0,0
BRDA:727,119,1,7
BRDA:729,120,0,0
BRDA:729,120,1,0
BRDA:734,121,0,1
BRDA:734,121,1,6
BRDA:734,122,0,7
BRDA:734,122,1,7
BRDA:741,123,0,7
BRDA:741,123,1,7
BRDA:744,124,0,7
BRDA:744,124,1,7
BRDA:745,125,0,7
BRDA:745,125,1,7
BRDA:746,126,0,7
BRDA:746,126,1,0
BRDA:756,127,0,0
BRDA:756,127,1,6
BRDA:763,128,0,0
BRDA:763,128,1,7
BRDA:768,129,0,7
BRDA:768,129,1,0
BRDA:775,130,0,0
BRDA:775,130,1,7
BRDA:779,131,0,0
BRDA:779,131,1,0
BRDA:780,132,0,0
BRDA:780,132,1,0
BRDA:796,133,0,7
BRDA:796,133,1,7
BRDA:799,134,0,0
BRDA:799,134,1,7
BRDA:804,135,0,7
BRDA:804,135,1,0
BRDA:805,136,0,7
BRDA:805,136,1,7
BRDA:807,137,0,0
BRDA:807,137,1,7
BRDA:813,138,0,7
BRDA:813,138,1,0
BRDA:813,139,0,7
BRDA:813,139,1,7
BRDA:824,140,0,5
BRDA:824,140,1,0
BRDA:824,141,0,5
BRDA:824,141,1,5
BRDA:829,142,0,0
BRDA:829,142,1,5
BRDA:835,143,0,0
BRDA:835,143,1,0
BRDA:835,144,0,0
BRDA:835,144,1,0
BRDA:836,145,0,0
BRDA:836,145,1,0
BRDA:836,146,0,0
BRDA:836,146,1,0
BRDA:837,147,0,0
BRDA:837,147,1,0
BRDA:857,148,0,2
BRDA:857,148,1,0
BRDA:857,149,0,2
BRDA:857,149,1,2
BRDA:862,150,0,0
BRDA:862,150,1,2
BRDA:868,151,0,1
BRDA:868,151,1,1
BRDA:868,152,0,2
BRDA:868,152,1,2
BRDA:874,153,0,7
BRDA:874,153,1,0
BRDA:898,154,0,0
BRDA:898,154,1,6
BRDA:898,155,0,6
BRDA:898,155,1,0
BRDA:918,156,0,39
BRDA:918,156,1,43
BRDA:925,157,0,58
BRDA:929,158,0,2
BRDA:931,159,0,60
BRDA:931,159,1,60
BRDA:931,159,2,60
BRDA:934,160,0,60
BRDA:934,160,1,60
BRDA:953,161,0,2
BRDA:953,161,1,58
BRDA:985,162,0,60
BRDA:985,162,1,0
BRDA:1003,163,0,0
BRDA:1003,163,1,0
BRDA:1008,164,0,0
BRDA:1008,164,1,0
BRDA:1009,165,0,0
BRDA:1009,165,1,0
BRDA:1010,166,0,0
BRDA:1010,166,1,0
BRDA:1012,167,0,0
BRDA:1012,167,1,0
BRDA:1027,168,0,2
BRDA:1027,168,1,0
BRDA:1027,169,0,2
BRDA:1027,169,1,2
BRDA:1038,170,0,1
BRDA:1038,170,1,0
BRDA:1038,171,0,1
BRDA:1038,171,1,1
BRF:341
BRH:216
end_of_record
TN:
SF:src/reconciliation.js
FN:12,parseInteger
FN:17,isFiniteNumber
FN:21,normalizeNumber
FN:26,safeString
FN:34,(anonymous_4)
FN:42,(anonymous_5)
FN:95,(anonymous_6)
FN:104,(anonymous_7)
FN:114,(anonymous_8)
FN:121,(anonymous_9)
FN:138,(anonymous_10)
FN:186,(anonymous_11)
FN:253,(anonymous_12)
FN:300,(anonymous_13)
FN:312,(anonymous_14)
FN:317,(anonymous_15)
FN:326,(anonymous_16)
FN:339,(anonymous_17)
FN:356,(anonymous_18)
FN:375,(anonymous_19)
FN:393,(anonymous_20)
FN:400,(anonymous_21)
FN:420,(anonymous_22)
FN:472,(anonymous_23)
FN:543,(anonymous_24)
FN:575,(anonymous_25)
FN:576,(anonymous_26)
FN:579,(anonymous_27)
FN:580,(anonymous_28)
FN:581,(anonymous_29)
FN:585,(anonymous_30)
FN:618,(anonymous_31)
FN:670,(anonymous_32)
FN:674,(anonymous_33)
FN:706,(anonymous_34)
FN:751,(anonymous_35)
FN:776,(anonymous_36)
FNF:37
FNH:32
FNDA:33,parseInteger
FNDA:20,isFiniteNumber
FNDA:14,normalizeNumber
FNDA:16,safeString
FNDA:5,(anonymous_4)
FNDA:0,(anonymous_5)
FNDA:29,(anonymous_6)
FNDA:1,(anonymous_7)
FNDA:1,(anonymous_8)
FNDA:5,(anonymous_9)
FNDA:4,(anonymous_10)
FNDA:4,(anonymous_11)
FNDA:1,(anonymous_12)
FNDA:9,(anonymous_13)
FNDA:9,(anonymous_14)
FNDA:0,(anonymous_15)
FNDA:3,(anonymous_16)
FNDA:21,(anonymous_17)
FNDA:4,(anonymous_18)
FNDA:4,(anonymous_19)
FNDA:15,(anonymous_20)
FNDA:3,(anonymous_21)
FNDA:3,(anonymous_22)
FNDA:3,(anonymous_23)
FNDA:1,(anonymous_24)
FNDA:24,(anonymous_25)
FNDA:23,(anonymous_26)
FNDA:9,(anonymous_27)
FNDA:7,(anonymous_28)
FNDA:2,(anonymous_29)
FNDA:3,(anonymous_30)
FNDA:3,(anonymous_31)
FNDA:0,(anonymous_32)
FNDA:3,(anonymous_33)
FNDA:0,(anonymous_34)
FNDA:0,(anonymous_35)
FNDA:15,(anonymous_36)
DA:1,1
DA:2,1
DA:4,1
DA:5,1
DA:6,1
DA:7,1
DA:8,1
DA:9,1
DA:10,1
DA:13,33
DA:14,33
DA:18,20
DA:22,14
DA:23,14
DA:27,16
DA:28,9
DA:30,7
DA:35,5
DA:37,5
DA:38,5
DA:39,5
DA:40,5
DA:42,5
DA:43,5
DA:45,5
DA:48,5
DA:51,5
DA:54,5
DA:57,5
DA:59,5
DA:61,5
DA:65,5
DA:66,5
DA:67,5
DA:68,5
DA:69,5
DA:70,5
DA:71,5
DA:72,5
DA:74,5
DA:91,5
DA:92,5
DA:96,29
DA:97,29
DA:98,29
DA:100,0
DA:105,1
DA:106,0
DA:109,1
DA:110,1
DA:111,0
DA:114,1
DA:115,1
DA:118,1
DA:122,5
DA:123,5
DA:124,0
DA:126,5
DA:127,5
DA:128,5
DA:129,5
DA:130,5
DA:131,5
DA:133,5
DA:134,5
DA:139,4
DA:140,4
DA:141,0
DA:143,4
DA:144,0
DA:146,4
DA:147,0
DA:150,4
DA:151,4
DA:152,4
DA:161,4
DA:162,4
DA:163,4
DA:164,4
DA:165,4
DA:166,4
DA:167,4
DA:170,4
DA:171,4
DA:182,4
DA:183,4
DA:187,4
DA:188,4
DA:189,4
DA:190,0
DA:193,4
DA:194,4
DA:195,4
DA:196,4
DA:198,4
DA:199,4
DA:201,4
DA:202,0
DA:204,4
DA:205,0
DA:207,4
DA:208,0
DA:211,4
DA:212,3
DA:215,4
DA:216,4
DA:217,4
DA:222,4
DA:223,4
DA:226,4
DA:227,4
DA:228,4
DA:229,0
DA:245,4
DA:246,4
DA:248,0
DA:249,0
DA:254,1
DA:256,1
DA:257,1
DA:258,0
DA:261,1
DA:262,1
DA:263,1
DA:265,1
DA:266,0
DA:267,0
DA:268,0
DA:269,0
DA:272,1
DA:273,1
DA:275,1
DA:276,1
DA:277,0
DA:286,0
DA:290,1
DA:291,1
DA:292,1
DA:293,1
DA:294,1
DA:301,9
DA:312,9
DA:317,0
DA:327,3
DA:328,0
DA:331,3
DA:332,3
DA:333,3
DA:335,3
DA:340,21
DA:341,5
DA:353,21
DA:357,4
DA:358,4
DA:359,0
DA:361,4
DA:376,4
DA:377,4
DA:379,0
DA:380,0
DA:382,0
DA:385,0
DA:387,0
DA:389,0
DA:394,15
DA:395,0
DA:397,15
DA:401,3
DA:402,3
DA:403,0
DA:417,0
DA:420,3
DA:421,3
DA:422,3
DA:423,3
DA:425,3
DA:426,2
DA:440,2
DA:443,1
DA:444,1
DA:445,1
DA:446,1
DA:447,1
DA:448,1
DA:451,1
DA:452,1
DA:463,1
DA:469,1
DA:473,3
DA:474,3
DA:482,3
DA:490,3
DA:491,3
DA:492,3
DA:493,3
DA:494,3
DA:496,3
DA:497,3
DA:498,0
DA:500,3
DA:501,3
DA:504,3
DA:505,3
DA:522,3
DA:538,3
DA:539,3
DA:540,3
DA:544,1
DA:545,1
DA:546,1
DA:547,1
DA:548,1
DA:549,1
DA:550,1
DA:551,1
DA:564,1
DA:566,0
DA:569,1
DA:571,1
DA:572,1
DA:576,24
DA:580,9
DA:581,7
DA:586,3
DA:587,3
DA:588,3
DA:589,0
DA:592,3
DA:593,0
DA:596,3
DA:602,3
DA:603,3
DA:607,3
DA:608,0
DA:610,3
DA:611,3
DA:612,3
DA:614,3
DA:615,3
DA:619,3
DA:620,0
DA:623,3
DA:624,3
DA:625,3
DA:626,3
DA:628,3
DA:629,3
DA:630,3
DA:632,0
DA:636,3
DA:638,3
DA:639,0
DA:642,3
DA:643,3
DA:644,3
DA:646,0
DA:651,0
DA:652,0
DA:653,0
DA:654,0
DA:656,0
DA:657,0
DA:658,0
DA:660,0
DA:671,0
DA:675,3
DA:681,3
DA:682,2
DA:683,2
DA:684,2
DA:686,2
DA:687,2
DA:688,2
DA:699,2
DA:702,1
DA:705,1
DA:706,0
DA:709,1
DA:710,1
DA:720,1
DA:721,0
DA:724,1
DA:725,1
DA:726,1
DA:728,1
DA:729,1
DA:730,1
DA:741,1
DA:743,0
DA:745,1
DA:746,1
DA:752,0
DA:759,0
DA:760,0
DA:761,0
DA:763,0
DA:764,0
DA:765,0
DA:767,0
DA:772,0
DA:773,0
DA:777,15
DA:778,0
DA:781,15
DA:782,15
DA:788,15
DA:789,15
DA:794,1
LF:308
LH:243
BRDA:14,0,0,0
BRDA:14,0,1,33
BRDA:21,1,0,0
BRDA:23,2,0,14
BRDA:23,2,1,0
BRDA:27,3,0,9
BRDA:27,3,1,7
BRDA:27,4,0,16
BRDA:27,4,1,16
BRDA:34,5,0,0
BRDA:37,6,0,5
BRDA:37,6,1,5
BRDA:38,7,0,5
BRDA:38,7,1,0
BRDA:39,8,0,5
BRDA:39,8,1,0
BRDA:42,9,0,5
BRDA:42,9,1,0
BRDA:44,10,0,5
BRDA:44,10,1,4
BRDA:44,10,2,4
BRDA:46,11,0,5
BRDA:46,11,1,4
BRDA:49,12,0,5
BRDA:49,12,1,5
BRDA:52,13,0,5
BRDA:52,13,1,5
BRDA:55,14,0,5
BRDA:55,14,1,4
BRDA:58,15,0,5
BRDA:58,15,1,5
BRDA:60,16,0,5
BRDA:60,16,1,5
BRDA:62,17,0,5
BRDA:62,17,1,5
BRDA:97,18,0,29
BRDA:97,18,1,0
BRDA:98,19,0,29
BRDA:98,19,1,0
BRDA:105,20,0,0
BRDA:105,20,1,1
BRDA:105,21,0,1
BRDA:105,21,1,0
BRDA:105,21,2,0
BRDA:109,22,0,1
BRDA:109,22,1,0
BRDA:110,23,0,0
BRDA:110,23,1,1
BRDA:110,24,0,1
BRDA:110,24,1,1
BRDA:121,25,0,0
BRDA:123,26,0,0
BRDA:123,26,1,5
BRDA:123,27,0,5
BRDA:123,27,1,5
BRDA:123,27,2,5
BRDA:128,28,0,5
BRDA:128,28,1,5
BRDA:130,29,0,5
BRDA:130,29,1,0
BRDA:138,30,0,0
BRDA:140,31,0,0
BRDA:140,31,1,4
BRDA:143,32,0,0
BRDA:143,32,1,4
BRDA:143,33,0,4
BRDA:143,33,1,0
BRDA:146,34,0,0
BRDA:146,34,1,4
BRDA:151,35,0,4
BRDA:151,35,1,4
BRDA:158,36,0,4
BRDA:158,36,1,4
BRDA:166,37,0,4
BRDA:166,37,1,0
BRDA:166,38,0,4
BRDA:166,38,1,4
BRDA:170,39,0,4
BRDA:170,39,1,0
BRDA:170,40,0,4
BRDA:170,40,1,4
BRDA:186,41,0,0
BRDA:189,42,0,0
BRDA:189,42,1,4
BRDA:195,43,0,4
BRDA:195,43,1,0
BRDA:195,44,0,4
BRDA:195,44,1,4
BRDA:201,45,0,0
BRDA:201,45,1,4
BRDA:201,46,0,4
BRDA:201,46,1,0
BRDA:204,47,0,0
BRDA:204,47,1,4
BRDA:204,48,0,4
BRDA:204,48,1,0
BRDA:207,49,0,0
BRDA:207,49,1,4
BRDA:207,50,0,4
BRDA:207,50,1,0
BRDA:211,51,0,3
BRDA:211,51,1,1
BRDA:216,52,0,4
BRDA:216,52,1,0
BRDA:217,53,0,4
BRDA:217,53,1,0
BRDA:222,54,0,4
BRDA:222,54,1,0
BRDA:228,55,0,0
BRDA:228,55,1,4
BRDA:253,56,0,0
BRDA:257,57,0,0
BRDA:257,57,1,1
BRDA:257,58,0,1
BRDA:257,58,1,1
BRDA:257,58,2,1
BRDA:263,59,0,1
BRDA:263,59,1,0
BRDA:265,60,0,0
BRDA:265,60,1,1
BRDA:276,61,0,0
BRDA:276,61,1,1
BRDA:327,62,0,0
BRDA:327,62,1,3
BRDA:340,63,0,5
BRDA:340,63,1,16
BRDA:358,64,0,0
BRDA:358,64,1,4
BRDA:358,65,0,4
BRDA:358,65,1,4
BRDA:365,66,0,4
BRDA:365,66,1,0
BRDA:366,67,0,4
BRDA:366,67,1,0
BRDA:367,68,0,4
BRDA:367,68,1,0
BRDA:368,69,0,4
BRDA:368,69,1,0
BRDA:369,70,0,4
BRDA:369,70,1,4
BRDA:371,71,0,4
BRDA:371,71,1,4
BRDA:376,72,0,4
BRDA:376,72,1,0
BRDA:379,73,0,0
BRDA:379,73,1,0
BRDA:382,74,0,0
BRDA:382,74,1,0
BRDA:382,74,2,0
BRDA:382,74,3,0
BRDA:394,75,0,0
BRDA:394,75,1,15
BRDA:394,76,0,15
BRDA:394,76,1,15
BRDA:401,77,0,3
BRDA:401,77,1,0
BRDA:402,78,0,0
BRDA:402,78,1,3
BRDA:406,79,0,0
BRDA:406,79,1,0
BRDA:407,80,0,0
BRDA:407,80,1,0
BRDA:408,81,0,0
BRDA:408,81,1,0
BRDA:421,82,0,1
BRDA:421,82,1,2
BRDA:425,83,0,2
BRDA:425,83,1,1
BRDA:429,84,0,2
BRDA:429,84,1,2
BRDA:430,85,0,2
BRDA:430,85,1,0
BRDA:431,86,0,2
BRDA:431,86,1,0
BRDA:447,87,0,1
BRDA:447,87,1,0
BRDA:447,88,0,1
BRDA:447,88,1,1
BRDA:451,89,0,1
BRDA:451,89,1,0
BRDA:451,90,0,1
BRDA:451,90,1,1
BRDA:473,91,0,3
BRDA:473,91,1,0
BRDA:476,92,0,3
BRDA:476,92,1,0
BRDA:477,93,0,3
BRDA:477,93,1,0
BRDA:500,94,0,3
BRDA:500,94,1,0
BRDA:500,95,0,3
BRDA:500,95,1,3
BRDA:504,96,0,3
BRDA:504,96,1,0
BRDA:504,97,0,3
BRDA:504,97,1,3
BRDA:550,98,0,1
BRDA:550,98,1,0
BRDA:550,99,0,1
BRDA:550,99,1,1
BRDA:588,100,0,0
BRDA:588,100,1,3
BRDA:588,101,0,3
BRDA:588,101,1,0
BRDA:592,102,0,0
BRDA:592,102,1,3
BRDA:611,103,0,3
BRDA:611,103,1,0
BRDA:611,104,0,3
BRDA:611,104,1,3
BRDA:619,105,0,0
BRDA:619,105,1,3
BRDA:629,106,0,3
BRDA:629,106,1,0
BRDA:629,107,0,3
BRDA:629,107,1,2
BRDA:638,108,0,0
BRDA:638,108,1,3
BRDA:652,109,0,0
BRDA:652,109,1,0
BRDA:657,110,0,0
BRDA:657,110,1,0
BRDA:657,111,0,0
BRDA:657,111,1,0
BRDA:662,112,0,0
BRDA:662,112,1,0
BRDA:681,113,0,2
BRDA:681,113,1,1
BRDA:683,114,0,2
BRDA:683,114,1,0
BRDA:683,115,0,2
BRDA:683,115,1,2
BRDA:687,116,0,2
BRDA:687,116,1,0
BRDA:687,117,0,2
BRDA:687,117,1,2
BRDA:702,118,0,1
BRDA:702,118,1,0
BRDA:705,119,0,1
BRDA:705,119,1,0
BRDA:717,120,0,1
BRDA:717,120,1,0
BRDA:720,121,0,0
BRDA:720,121,1,1
BRDA:725,122,0,1
BRDA:725,122,1,0
BRDA:725,123,0,1
BRDA:725,123,1,1
BRDA:729,124,0,1
BRDA:729,124,1,0
BRDA:729,125,0,1
BRDA:729,125,1,1
BRDA:745,126,0,1
BRDA:745,126,1,0
BRDA:751,127,0,0
BRDA:754,128,0,0
BRDA:754,128,1,0
BRDA:755,129,0,0
BRDA:755,129,1,0
BRDA:756,130,0,0
BRDA:756,130,1,0
BRDA:764,131,0,0
BRDA:764,131,1,0
BRDA:764,132,0,0
BRDA:764,132,1,0
BRDA:777,133,0,0
BRDA:777,133,1,15
BRDA:781,134,0,15
BRDA:781,134,1,0
BRDA:788,135,0,15
BRDA:788,135,1,0
BRDA:789,136,0,15
BRDA:789,136,1,15
BRF:273
BRH:161
end_of_record
TN:
SF:src/registry.js
FN:19,(anonymous_0)
FN:48,(anonymous_1)
FN:75,(anonymous_2)
FN:83,(anonymous_3)
FN:84,(anonymous_4)
FN:95,(anonymous_5)
FN:98,(anonymous_6)
FN:99,(anonymous_7)
FN:106,(anonymous_8)
FN:107,(anonymous_9)
FN:115,(anonymous_10)
FN:161,(anonymous_11)
FN:180,(anonymous_12)
FN:187,(anonymous_13)
FN:253,(anonymous_14)
FN:255,(anonymous_15)
FN:354,(anonymous_16)
FN:363,(anonymous_17)
FN:366,(anonymous_18)
FN:381,(anonymous_19)
FN:386,(anonymous_20)
FN:389,(anonymous_21)
FN:407,(anonymous_22)
FNF:23
FNH:22
FNDA:37,(anonymous_0)
FNDA:25,(anonymous_1)
FNDA:2,(anonymous_2)
FNDA:25,(anonymous_3)
FNDA:125,(anonymous_4)
FNDA:9,(anonymous_5)
FNDA:63,(anonymous_6)
FNDA:21,(anonymous_7)
FNDA:1,(anonymous_8)
FNDA:3,(anonymous_9)
FNDA:146,(anonymous_10)
FNDA:2,(anonymous_11)
FNDA:0,(anonymous_12)
FNDA:27,(anonymous_13)
FNDA:144,(anonymous_14)
FNDA:307,(anonymous_15)
FNDA:1,(anonymous_16)
FNDA:4,(anonymous_17)
FNDA:5,(anonymous_18)
FNDA:37,(anonymous_19)
FNDA:9,(anonymous_20)
FNDA:7,(anonymous_21)
FNDA:26,(anonymous_22)
DA:1,5
DA:2,5
DA:3,5
DA:4,5
DA:6,5
DA:20,37
DA:21,37
DA:22,37
DA:23,37
DA:24,37
DA:25,37
DA:26,37
DA:29,37
DA:37,37
DA:39,37
DA:41,37
DA:49,25
DA:52,25
DA:53,25
DA:57,25
DA:58,3
DA:62,3
DA:63,3
DA:64,3
DA:67,25
DA:68,25
DA:76,2
DA:84,125
DA:96,9
DA:97,7
DA:98,63
DA:99,21
DA:107,3
DA:116,146
DA:117,146
DA:118,146
DA:119,146
DA:120,4
DA:123,146
DA:131,146
DA:132,8
DA:135,8
DA:137,8
DA:140,8
DA:141,6
DA:162,2
DA:163,2
DA:164,2
DA:165,2
DA:167,2
DA:168,2
DA:169,5
DA:170,1
DA:175,2
DA:180,0
DA:188,27
DA:189,27
DA:190,27
DA:192,27
DA:194,6
DA:197,27
DA:199,27
DA:201,27
DA:202,28
DA:203,28
DA:204,84
DA:211,28
DA:217,28
DA:218,1
DA:219,1
DA:222,28
DA:224,26
DA:225,8
DA:226,8
DA:229,18
DA:230,132
DA:231,132
DA:233,1
DA:235,132
DA:236,131
DA:240,18
DA:241,17
DA:243,1
DA:247,25
DA:249,2
DA:254,144
DA:255,307
DA:256,144
DA:259,144
DA:260,19
DA:262,125
DA:265,144
DA:267,144
DA:268,144
DA:269,144
DA:271,144
DA:273,127
DA:274,3
DA:275,3
DA:277,127
DA:278,127
DA:285,127
DA:288,2
DA:289,2
DA:292,2
DA:293,2
DA:296,3
DA:297,3
DA:309,3
DA:313,3
DA:314,3
DA:322,3
DA:326,2
DA:327,2
DA:335,2
DA:339,2
DA:340,2
DA:341,2
DA:344,2
DA:345,2
DA:346,2
DA:347,1
DA:349,2
DA:353,1
DA:354,1
DA:355,1
DA:364,4
DA:365,4
DA:366,5
DA:368,2
DA:369,1
DA:370,1
DA:372,1
DA:374,2
DA:382,37
DA:383,37
DA:385,7
DA:386,9
DA:388,7
DA:389,6
DA:390,7
DA:393,7
DA:394,7
DA:396,7
DA:397,7
DA:408,26
DA:409,26
DA:415,12
DA:420,5
LF:149
LH:148
BRDA:19,0,0,10
BRDA:25,1,0,37
BRDA:25,1,1,20
BRDA:26,2,0,37
BRDA:26,2,1,25
BRDA:29,3,0,37
BRDA:29,3,1,32
BRDA:30,4,0,32
BRDA:30,4,1,32
BRDA:31,5,0,32
BRDA:31,5,1,30
BRDA:53,6,0,25
BRDA:53,6,1,0
BRDA:53,7,0,25
BRDA:53,7,1,25
BRDA:55,8,0,0
BRDA:55,8,1,0
BRDA:55,9,0,0
BRDA:55,9,1,0
BRDA:57,10,0,3
BRDA:57,10,1,22
BRDA:96,11,0,2
BRDA:96,11,1,7
BRDA:115,12,0,138
BRDA:116,13,0,146
BRDA:116,13,1,128
BRDA:119,14,0,4
BRDA:119,14,1,142
BRDA:131,15,0,8
BRDA:131,15,1,138
BRDA:131,16,0,146
BRDA:131,16,1,146
BRDA:132,17,0,8
BRDA:132,17,1,0
BRDA:134,18,0,0
BRDA:134,18,1,0
BRDA:137,19,0,8
BRDA:137,19,1,8
BRDA:140,20,0,6
BRDA:140,20,1,2
BRDA:140,21,0,8
BRDA:140,21,1,6
BRDA:145,22,0,6
BRDA:145,22,1,0
BRDA:148,23,0,6
BRDA:148,23,1,0
BRDA:149,24,0,6
BRDA:149,24,1,0
BRDA:150,25,0,6
BRDA:150,25,1,6
BRDA:151,26,0,6
BRDA:151,26,1,6
BRDA:163,27,0,2
BRDA:163,27,1,0
BRDA:164,28,0,2
BRDA:164,28,1,0
BRDA:167,29,0,2
BRDA:167,29,1,0
BRDA:167,30,0,2
BRDA:167,30,1,2
BRDA:169,31,0,1
BRDA:169,31,1,4
BRDA:181,32,0,2
BRDA:181,32,1,1
BRDA:192,33,0,6
BRDA:192,33,1,21
BRDA:212,34,0,1
BRDA:212,34,1,27
BRDA:217,35,0,1
BRDA:217,35,1,27
BRDA:224,36,0,8
BRDA:224,36,1,18
BRDA:224,37,0,26
BRDA:224,37,1,26
BRDA:224,37,2,26
BRDA:235,38,0,131
BRDA:235,38,1,1
BRDA:235,39,0,132
BRDA:235,39,1,132
BRDA:240,40,0,17
BRDA:240,40,1,1
BRDA:243,41,0,1
BRDA:243,41,1,1
BRDA:259,42,0,19
BRDA:259,42,1,125
BRDA:265,43,0,0
BRDA:265,43,1,144
BRDA:267,44,0,8
BRDA:267,44,1,136
BRDA:269,45,0,144
BRDA:269,45,1,124
BRDA:271,46,0,127
BRDA:271,46,1,2
BRDA:271,46,2,2
BRDA:271,46,3,3
BRDA:271,46,4,3
BRDA:271,46,5,2
BRDA:271,46,6,2
BRDA:271,46,7,2
BRDA:271,46,8,1
BRDA:273,47,0,3
BRDA:273,47,1,124
BRDA:296,48,0,2
BRDA:296,48,1,1
BRDA:299,49,0,3
BRDA:299,49,1,0
BRDA:305,50,0,3
BRDA:305,50,1,0
BRDA:313,51,0,2
BRDA:313,51,1,1
BRDA:314,52,0,3
BRDA:314,52,1,1
BRDA:318,53,0,3
BRDA:318,53,1,1
BRDA:326,54,0,1
BRDA:326,54,1,1
BRDA:327,55,0,2
BRDA:327,55,1,1
BRDA:331,56,0,2
BRDA:331,56,1,1
BRDA:345,57,0,2
BRDA:345,57,1,1
BRDA:346,58,0,1
BRDA:346,58,1,1
BRDA:354,59,0,1
BRDA:354,59,1,0
BRDA:365,60,0,2
BRDA:365,60,1,2
BRDA:365,61,0,4
BRDA:365,61,1,3
BRDA:368,62,0,1
BRDA:368,62,1,1
BRDA:369,63,0,0
BRDA:369,63,1,1
BRDA:374,64,0,2
BRDA:374,64,1,0
BRDA:383,65,0,30
BRDA:383,65,1,7
BRDA:385,66,0,7
BRDA:385,66,1,0
BRDA:388,67,0,6
BRDA:388,67,1,1
BRDA:393,68,0,7
BRDA:393,68,1,0
BRDA:393,69,0,7
BRDA:393,69,1,7
BRDA:396,70,0,7
BRDA:396,70,1,5
BRF:148
BRH:126
end_of_record
TN:
SF:src/retry.js
FN:67,extractErrorCode
FN:105,classifyError
FN:117,(anonymous_2)
FN:129,(anonymous_3)
FN:139,(anonymous_4)
FN:167,calculateDelay
FN:179,sleep
FN:180,(anonymous_7)
FN:200,withRetry
FN:311,retry
FN:316,(anonymous_10)
FN:323,isRetryableError
FN:331,isDuplicateTransactionError
FNF:13
FNH:13
FNDA:123,extractErrorCode
FNDA:76,classifyError
FNDA:214,(anonymous_2)
FNDA:841,(anonymous_3)
FNDA:145,(anonymous_4)
FNDA:45,calculateDelay
FNDA:29,sleep
FNDA:29,(anonymous_7)
FNDA:25,withRetry
FNDA:2,retry
FNDA:2,(anonymous_10)
FNDA:7,isRetryableError
FNDA:4,isDuplicateTransactionError
DA:1,10
DA:6,10
DA:16,10
DA:36,10
DA:56,10
DA:68,123
DA:70,122
DA:71,30
DA:74,92
DA:75,2
DA:78,90
DA:79,2
DA:82,88
DA:83,2
DA:86,2
DA:92,2
DA:93,8
DA:97,87
DA:106,76
DA:108,75
DA:110,75
DA:111,75
DA:115,75
DA:118,214
DA:124,6
DA:127,69
DA:130,841
DA:134,11
DA:137,58
DA:140,145
DA:144,53
DA:147,5
DA:154,3
DA:157,2
DA:168,45
DA:169,45
DA:170,45
DA:171,45
DA:180,29
DA:183,10
DA:201,25
DA:203,25
DA:205,25
DA:206,54
DA:207,54
DA:208,12
DA:215,42
DA:216,42
DA:217,42
DA:224,42
DA:225,3
DA:226,1
DA:228,3
DA:238,39
DA:239,5
DA:250,34
DA:254,1
DA:265,33
DA:266,4
DA:267,1
DA:269,4
DA:280,29
DA:281,29
DA:282,11
DA:284,29
DA:285,29
DA:289,0
DA:312,2
DA:316,2
DA:324,7
DA:332,4
DA:335,10
LF:72
LH:71
BRDA:68,0,0,1
BRDA:68,0,1,122
BRDA:70,1,0,30
BRDA:70,1,1,92
BRDA:70,2,0,122
BRDA:70,2,1,30
BRDA:74,3,0,2
BRDA:74,3,1,90
BRDA:74,4,0,92
BRDA:74,4,1,2
BRDA:78,5,0,2
BRDA:78,5,1,88
BRDA:78,6,0,90
BRDA:78,6,1,2
BRDA:82,7,0,2
BRDA:82,7,1,86
BRDA:83,8,0,2
BRDA:83,8,1,0
BRDA:93,9,0,1
BRDA:93,9,1,7
BRDA:106,10,0,1
BRDA:106,10,1,75
BRDA:110,11,0,27
BRDA:110,11,1,48
BRDA:112,12,0,75
BRDA:112,12,1,3
BRDA:112,12,2,3
BRDA:112,12,3,3
BRDA:115,13,0,6
BRDA:115,13,1,69
BRDA:118,14,0,214
BRDA:118,14,1,213
BRDA:118,14,2,209
BRDA:118,14,3,209
BRDA:127,15,0,11
BRDA:127,15,1,58
BRDA:130,16,0,841
BRDA:130,16,1,837
BRDA:137,17,0,53
BRDA:137,17,1,5
BRDA:140,18,0,145
BRDA:140,18,1,124
BRDA:147,19,0,3
BRDA:147,19,1,2
BRDA:148,20,0,5
BRDA:148,20,1,5
BRDA:148,20,2,4
BRDA:148,20,3,4
BRDA:148,20,4,3
BRDA:184,21,0,10
BRDA:184,21,1,9
BRDA:185,22,0,10
BRDA:185,22,1,10
BRDA:186,23,0,10
BRDA:186,23,1,10
BRDA:200,24,0,0
BRDA:221,25,0,42
BRDA:221,25,1,0
BRDA:224,26,0,3
BRDA:224,26,1,39
BRDA:225,27,0,1
BRDA:225,27,1,2
BRDA:238,28,0,5
BRDA:238,28,1,34
BRDA:250,29,0,1
BRDA:250,29,1,33
BRDA:251,30,0,34
BRDA:251,30,1,2
BRDA:265,31,0,4
BRDA:265,31,1,29
BRDA:266,32,0,1
BRDA:266,32,1,3
BRDA:281,33,0,11
BRDA:281,33,1,18
BRDA:299,34,0,0
BRDA:299,34,1,0
BRDA:311,35,0,0
BRDA:311,36,0,0
BRF:78
BRH:71
end_of_record
TN:
SF:src/sloMetrics.js
FN:78,(anonymous_0)
FN:109,(anonymous_1)
FN:333,(anonymous_2)
FN:374,(anonymous_3)
FN:407,(anonymous_4)
FN:423,(anonymous_5)
FN:468,(anonymous_6)
FN:504,(anonymous_7)
FN:523,(anonymous_8)
FN:545,(anonymous_9)
FN:562,(anonymous_10)
FNF:11
FNH:11
FNDA:65,(anonymous_0)
FNDA:65,(anonymous_1)
FNDA:23,(anonymous_2)
FNDA:100,(anonymous_3)
FNDA:6,(anonymous_4)
FNDA:14,(anonymous_5)
FNDA:17,(anonymous_6)
FNDA:17,(anonymous_7)
FNDA:100,(anonymous_8)
FNDA:137,(anonymous_9)
FNDA:123,(anonymous_10)
DA:3,6
DA:4,6
DA:12,6
DA:15,6
DA:18,6
DA:79,65
DA:80,65
DA:83,65
DA:84,65
DA:85,65
DA:86,65
DA:87,65
DA:88,65
DA:89,65
DA:90,65
DA:94,65
DA:95,65
DA:96,65
DA:97,65
DA:100,65
DA:101,65
DA:102,65
DA:104,65
DA:110,65
DA:124,65
DA:145,65
DA:161,65
DA:170,65
DA:176,65
DA:193,65
DA:208,65
DA:215,65
DA:228,65
DA:250,65
DA:264,65
DA:275,65
DA:293,65
DA:303,65
DA:310,65
DA:311,65
DA:312,65
DA:313,65
DA:334,23
DA:335,23
DA:337,23
DA:339,23
DA:340,18
DA:341,18
DA:345,18
DA:346,5
DA:347,5
DA:348,1
DA:349,4
DA:350,1
DA:354,18
DA:355,18
DA:358,23
DA:375,100
DA:377,100
DA:379,100
DA:381,100
DA:382,71
DA:383,29
DA:384,1
DA:385,28
DA:386,1
DA:389,27
DA:392,100
DA:393,100
DA:408,6
DA:409,6
DA:410,6
DA:424,14
DA:428,14
DA:436,14
DA:438,14
DA:469,17
DA:505,17
DA:524,100
DA:527,100
DA:529,100
DA:530,100
DA:532,100
DA:534,100
DA:535,95
DA:546,137
DA:548,106
DA:549,106
DA:551,106
DA:555,106
DA:563,123
DA:564,123
DA:565,123
DA:569,6
LF:94
LH:94
BRDA:78,0,0,18
BRDA:79,1,0,65
BRDA:79,1,1,18
BRDA:80,2,0,65
BRDA:80,2,1,65
BRDA:83,3,0,65
BRDA:83,3,1,63
BRDA:84,4,0,65
BRDA:84,4,1,58
BRDA:85,5,0,65
BRDA:85,5,1,59
BRDA:86,6,0,65
BRDA:86,6,1,52
BRDA:87,7,0,65
BRDA:87,7,1,64
BRDA:88,8,0,65
BRDA:88,8,1,63
BRDA:89,9,0,65
BRDA:89,9,1,59
BRDA:90,10,0,65
BRDA:90,10,1,59
BRDA:333,11,0,23
BRDA:333,12,0,23
BRDA:333,13,0,10
BRDA:339,14,0,18
BRDA:339,14,1,5
BRDA:345,15,0,5
BRDA:345,15,1,13
BRDA:347,16,0,1
BRDA:347,16,1,4
BRDA:349,17,0,1
BRDA:349,17,1,3
BRDA:375,18,0,99
BRDA:375,18,1,1
BRDA:381,19,0,71
BRDA:381,19,1,29
BRDA:383,20,0,1
BRDA:383,20,1,28
BRDA:385,21,0,1
BRDA:385,21,1,27
BRDA:409,22,0,2
BRDA:409,22,1,4
BRDA:423,23,0,11
BRDA:424,24,0,4
BRDA:424,24,1,10
BRDA:428,25,0,10
BRDA:428,25,1,4
BRDA:430,26,0,2
BRDA:430,26,1,2
BRDA:432,27,0,1
BRDA:432,27,1,1
BRDA:441,28,0,14
BRDA:441,28,1,10
BRDA:442,29,0,4
BRDA:442,29,1,10
BRDA:451,30,0,11
BRDA:451,30,1,3
BRDA:451,31,0,0
BRDA:451,31,1,3
BRDA:527,32,0,5
BRDA:527,32,1,95
BRDA:530,33,0,29
BRDA:530,33,1,71
BRDA:534,34,0,95
BRDA:534,34,1,5
BRDA:546,35,0,31
BRDA:546,35,1,106
BRDA:551,36,0,106
BRDA:551,36,1,0
BRDA:553,37,0,0
BRDA:553,37,1,0
BRF:71
BRH:67
end_of_record
TN:
SF:src/taskSnapshot.js
FN:38,(anonymous_0)
FN:69,(anonymous_1)
FN:74,(anonymous_2)
FN:99,(anonymous_3)
FN:148,(anonymous_4)
FN:164,(anonymous_5)
FN:185,(anonymous_6)
FN:199,(anonymous_7)
FN:215,(anonymous_8)
FNF:9
FNH:9
FNDA:73,(anonymous_0)
FNDA:33,(anonymous_1)
FNDA:117,(anonymous_2)
FNDA:49,(anonymous_3)
FNDA:32,(anonymous_4)
FNDA:16,(anonymous_5)
FNDA:40,(anonymous_6)
FNDA:18,(anonymous_7)
FNDA:10,(anonymous_8)
DA:3,5
DA:4,5
DA:5,5
DA:6,5
DA:8,5
DA:9,5
DA:39,73
DA:40,73
DA:41,73
DA:42,73
DA:43,73
DA:44,73
DA:47,73
DA:48,73
DA:49,73
DA:50,73
DA:51,73
DA:52,73
DA:55,73
DA:70,33
DA:74,117
DA:79,33
DA:80,33
DA:82,33
DA:83,21
DA:85,20
DA:86,20
DA:100,49
DA:103,23
DA:104,23
DA:106,1
DA:107,1
DA:111,22
DA:112,22
DA:114,3
DA:115,3
DA:118,19
DA:119,1
DA:120,1
DA:123,18
DA:125,18
DA:126,2
DA:127,2
DA:128,2
DA:131,16
DA:132,16
DA:133,16
DA:149,32
DA:150,32
DA:152,27
DA:153,3
DA:156,25
DA:165,16
DA:186,40
DA:200,18
DA:201,18
DA:202,7
DA:216,10
DA:218,10
DA:219,10
DA:227,5
LF:61
LH:61
BRDA:38,0,0,0
BRDA:39,1,0,73
BRDA:39,1,1,32
BRDA:40,2,0,73
BRDA:40,2,1,72
BRDA:42,3,0,73
BRDA:42,3,1,60
BRDA:43,4,0,73
BRDA:43,4,1,66
BRDA:44,5,0,73
BRDA:44,5,1,41
BRDA:100,6,0,26
BRDA:100,6,1,23
BRDA:118,7,0,1
BRDA:118,7,1,18
BRDA:123,8,0,10
BRDA:123,8,1,8
BRDA:125,9,0,2
BRDA:125,9,1,16
BRDA:148,10,0,9
BRDA:149,11,0,32
BRDA:149,11,1,22
BRDA:150,12,0,5
BRDA:150,12,1,27
BRDA:152,13,0,3
BRDA:152,13,1,24
BRDA:152,14,0,27
BRDA:152,14,1,4
BRDA:153,15,0,2
BRDA:153,15,1,1
BRDA:201,16,0,11
BRDA:201,16,1,7
BRF:32
BRH:31
end_of_record
